2021-12-25 20:15:26,941 INFO: Getting the list of supported currencies from gate io
2021-12-25 20:15:29,060 INFO: List of gate io currencies saved to currencies.json. Waiting 5 minutes before refreshing list...
2021-12-25 20:15:29,061 INFO: new-coin-bot online
2021-12-25 20:15:29,061 INFO: started working...
2021-12-25 20:15:30,009 INFO: Kucoin announcements enabled, look for new Kucoin coins...
2021-12-25 20:15:30,405 INFO: New Kucoin coin detected: SOS
2021-12-25 20:15:30,405 INFO: !!! LIVE MODE !!!
2021-12-25 20:15:30,405 INFO: Getting the list of supported currencies from gate io
2021-12-25 20:15:31,154 INFO: List of gate io currencies saved to currencies.json. Waiting 5 minutes before refreshing list...
2021-12-25 20:15:34,215 INFO: Kucoin announcements enabled, look for new Kucoin coins...
2021-12-25 20:15:34,599 INFO: Checking for coin announcements every 3 seconds (in a separate thread)
2021-12-25 20:15:38,374 INFO: Kucoin announcements enabled, look for new Kucoin coins...
2021-12-25 20:15:38,793 INFO: Checking for coin announcements every 3 seconds (in a separate thread)
2021-12-25 20:15:42,562 INFO: Kucoin announcements enabled, look for new Kucoin coins...
2021-12-25 20:15:43,214 INFO: Checking for coin announcements every 3 seconds (in a separate thread)
2021-12-25 20:15:46,878 INFO: Kucoin announcements enabled, look for new Kucoin coins...
2021-12-25 20:15:47,180 INFO: Checking for coin announcements every 3 seconds (in a separate thread)
2021-12-25 20:15:51,085 INFO: Kucoin announcements enabled, look for new Kucoin coins...
2021-12-25 20:15:51,404 INFO: Checking for coin announcements every 3 seconds (in a separate thread)
2021-12-25 20:15:55,173 INFO: Kucoin announcements enabled, look for new Kucoin coins...
2021-12-25 20:15:55,572 INFO: Checking for coin announcements every 3 seconds (in a separate thread)
2021-12-25 20:15:59,336 INFO: Kucoin announcements enabled, look for new Kucoin coins...
2021-12-25 20:15:59,764 INFO: Checking for coin announcements every 3 seconds (in a separate thread)
2021-12-25 20:16:03,687 INFO: Kucoin announcements enabled, look for new Kucoin coins...
2021-12-25 20:16:04,011 INFO: Checking for coin announcements every 3 seconds (in a separate thread)
2021-12-25 20:16:07,727 INFO: Kucoin announcements enabled, look for new Kucoin coins...
2021-12-25 20:16:08,164 INFO: Checking for coin announcements every 3 seconds (in a separate thread)
2021-12-25 20:16:11,924 INFO: Kucoin announcements enabled, look for new Kucoin coins...
2021-12-25 20:16:12,347 INFO: Checking for coin announcements every 3 seconds (in a separate thread)
2021-12-25 20:16:16,116 INFO: Kucoin announcements enabled, look for new Kucoin coins...
2021-12-25 20:16:16,761 INFO: Checking for coin announcements every 3 seconds (in a separate thread)
2021-12-25 20:16:20,431 INFO: Kucoin announcements enabled, look for new Kucoin coins...
2021-12-25 20:16:21,140 INFO: Checking for coin announcements every 3 seconds (in a separate thread)
2021-12-25 20:16:24,940 INFO: Kucoin announcements enabled, look for new Kucoin coins...
2021-12-25 20:16:25,324 INFO: Checking for coin announcements every 3 seconds (in a separate thread)
2021-12-25 20:16:28,942 INFO: Kucoin announcements enabled, look for new Kucoin coins...
2021-12-25 20:16:29,381 INFO: Checking for coin announcements every 3 seconds (in a separate thread)
2021-12-25 20:16:33,016 INFO: Kucoin announcements enabled, look for new Kucoin coins...
2021-12-25 20:16:33,324 INFO: Checking for coin announcements every 3 seconds (in a separate thread)
2021-12-25 20:16:37,087 INFO: Kucoin announcements enabled, look for new Kucoin coins...
2021-12-25 20:16:37,516 INFO: Checking for coin announcements every 3 seconds (in a separate thread)
2021-12-25 20:16:41,311 INFO: Kucoin announcements enabled, look for new Kucoin coins...
2021-12-25 20:16:41,936 INFO: Checking for coin announcements every 3 seconds (in a separate thread)
2021-12-25 20:16:45,627 INFO: Kucoin announcements enabled, look for new Kucoin coins...
2021-12-25 20:16:45,933 INFO: Checking for coin announcements every 3 seconds (in a separate thread)
2021-12-25 20:16:49,697 INFO: Kucoin announcements enabled, look for new Kucoin coins...
2021-12-25 20:16:50,095 INFO: Checking for coin announcements every 3 seconds (in a separate thread)
2021-12-25 20:16:53,865 INFO: Kucoin announcements enabled, look for new Kucoin coins...
2021-12-25 20:16:54,537 INFO: Checking for coin announcements every 3 seconds (in a separate thread)
2021-12-25 20:16:58,181 INFO: Kucoin announcements enabled, look for new Kucoin coins...
2021-12-25 20:16:58,490 INFO: Checking for coin announcements every 3 seconds (in a separate thread)
2021-12-25 20:17:02,283 INFO: Kucoin announcements enabled, look for new Kucoin coins...
2021-12-25 20:17:02,682 INFO: Checking for coin announcements every 3 seconds (in a separate thread)
2021-12-25 20:17:06,446 INFO: Kucoin announcements enabled, look for new Kucoin coins...
2021-12-25 20:17:06,895 INFO: Checking for coin announcements every 3 seconds (in a separate thread)
2021-12-25 20:17:10,640 INFO: Kucoin announcements enabled, look for new Kucoin coins...
2021-12-25 20:17:11,341 INFO: Checking for coin announcements every 3 seconds (in a separate thread)
2021-12-25 20:17:14,960 INFO: Kucoin announcements enabled, look for new Kucoin coins...
2021-12-25 20:17:15,493 INFO: Checking for coin announcements every 3 seconds (in a separate thread)
2021-12-25 20:17:19,183 INFO: Kucoin announcements enabled, look for new Kucoin coins...
2021-12-25 20:17:19,471 INFO: Checking for coin announcements every 3 seconds (in a separate thread)
2021-12-25 20:17:23,226 INFO: Kucoin announcements enabled, look for new Kucoin coins...
2021-12-25 20:17:23,909 INFO: Checking for coin announcements every 3 seconds (in a separate thread)
2021-12-25 20:17:27,552 INFO: Kucoin announcements enabled, look for new Kucoin coins...
2021-12-25 20:17:27,874 INFO: Checking for coin announcements every 3 seconds (in a separate thread)
2021-12-25 20:17:31,657 INFO: Kucoin announcements enabled, look for new Kucoin coins...
2021-12-25 20:17:32,040 INFO: Checking for coin announcements every 3 seconds (in a separate thread)
2021-12-25 20:17:35,835 INFO: Kucoin announcements enabled, look for new Kucoin coins...
2021-12-25 20:17:36,234 INFO: Checking for coin announcements every 3 seconds (in a separate thread)
2021-12-25 20:17:40,014 INFO: Kucoin announcements enabled, look for new Kucoin coins...
2021-12-25 20:17:40,429 INFO: Checking for coin announcements every 3 seconds (in a separate thread)
2021-12-25 20:17:44,195 INFO: Kucoin announcements enabled, look for new Kucoin coins...
2021-12-25 20:17:44,623 INFO: Checking for coin announcements every 3 seconds (in a separate thread)
2021-12-25 20:17:48,401 INFO: Kucoin announcements enabled, look for new Kucoin coins...
2021-12-25 20:17:48,818 INFO: Checking for coin announcements every 3 seconds (in a separate thread)
2021-12-25 20:17:52,741 INFO: Kucoin announcements enabled, look for new Kucoin coins...
2021-12-25 20:17:53,070 INFO: Checking for coin announcements every 3 seconds (in a separate thread)
2021-12-25 20:17:56,809 INFO: Kucoin announcements enabled, look for new Kucoin coins...
2021-12-25 20:17:57,206 INFO: Checking for coin announcements every 3 seconds (in a separate thread)
2021-12-25 20:18:00,975 INFO: Kucoin announcements enabled, look for new Kucoin coins...
2021-12-25 20:18:01,400 INFO: Checking for coin announcements every 3 seconds (in a separate thread)
2021-12-25 20:18:05,188 INFO: Kucoin announcements enabled, look for new Kucoin coins...
2021-12-25 20:18:05,594 INFO: Checking for coin announcements every 3 seconds (in a separate thread)
2021-12-25 20:18:09,492 INFO: Kucoin announcements enabled, look for new Kucoin coins...
2021-12-25 20:18:09,801 INFO: Checking for coin announcements every 3 seconds (in a separate thread)
2021-12-25 20:18:13,502 INFO: Kucoin announcements enabled, look for new Kucoin coins...
2021-12-25 20:18:13,831 INFO: Checking for coin announcements every 3 seconds (in a separate thread)
2021-12-25 20:18:17,787 INFO: Kucoin announcements enabled, look for new Kucoin coins...
2021-12-25 20:18:18,062 INFO: Checking for coin announcements every 3 seconds (in a separate thread)
2021-12-25 20:18:22,561 INFO: Kucoin announcements enabled, look for new Kucoin coins...
2021-12-25 20:18:23,087 INFO: Checking for coin announcements every 3 seconds (in a separate thread)
2021-12-25 20:18:26,795 INFO: Kucoin announcements enabled, look for new Kucoin coins...
2021-12-25 20:18:27,297 INFO: Checking for coin announcements every 3 seconds (in a separate thread)
2021-12-25 20:18:30,990 INFO: Kucoin announcements enabled, look for new Kucoin coins...
2021-12-25 20:18:31,393 INFO: Checking for coin announcements every 3 seconds (in a separate thread)
2021-12-25 20:18:35,014 INFO: Kucoin announcements enabled, look for new Kucoin coins...
2021-12-25 20:18:35,349 INFO: Checking for coin announcements every 3 seconds (in a separate thread)
2021-12-25 20:18:38,995 INFO: Kucoin announcements enabled, look for new Kucoin coins...
2021-12-25 20:18:39,413 INFO: Checking for coin announcements every 3 seconds (in a separate thread)
2021-12-25 20:18:43,077 INFO: Kucoin announcements enabled, look for new Kucoin coins...
2021-12-25 20:18:43,384 INFO: Checking for coin announcements every 3 seconds (in a separate thread)
2021-12-25 20:18:47,109 INFO: Kucoin announcements enabled, look for new Kucoin coins...
2021-12-25 20:18:47,537 INFO: Checking for coin announcements every 3 seconds (in a separate thread)
2021-12-25 20:18:51,307 INFO: Kucoin announcements enabled, look for new Kucoin coins...
2021-12-25 20:18:51,734 INFO: Checking for coin announcements every 3 seconds (in a separate thread)
2021-12-25 20:18:55,499 INFO: Kucoin announcements enabled, look for new Kucoin coins...
2021-12-25 20:18:55,768 INFO: Checking for coin announcements every 3 seconds (in a separate thread)
2021-12-25 20:18:59,463 INFO: Kucoin announcements enabled, look for new Kucoin coins...
2021-12-25 20:18:59,777 INFO: Checking for coin announcements every 3 seconds (in a separate thread)
2021-12-25 20:19:03,941 INFO: Kucoin announcements enabled, look for new Kucoin coins...
2021-12-25 20:19:04,313 INFO: Checking for coin announcements every 3 seconds (in a separate thread)
2021-12-25 20:19:08,095 INFO: Kucoin announcements enabled, look for new Kucoin coins...
2021-12-25 20:19:08,518 INFO: Checking for coin announcements every 3 seconds (in a separate thread)
2021-12-25 20:19:12,304 INFO: Kucoin announcements enabled, look for new Kucoin coins...
2021-12-25 20:19:12,705 INFO: Checking for coin announcements every 3 seconds (in a separate thread)
2021-12-25 20:19:16,499 INFO: Kucoin announcements enabled, look for new Kucoin coins...
2021-12-25 20:19:16,897 INFO: Checking for coin announcements every 3 seconds (in a separate thread)
2021-12-25 20:19:20,663 INFO: Kucoin announcements enabled, look for new Kucoin coins...
2021-12-25 20:19:21,092 INFO: Checking for coin announcements every 3 seconds (in a separate thread)
2021-12-25 20:19:24,857 INFO: Kucoin announcements enabled, look for new Kucoin coins...
2021-12-25 20:19:25,288 INFO: Checking for coin announcements every 3 seconds (in a separate thread)
2021-12-25 20:19:29,056 INFO: Kucoin announcements enabled, look for new Kucoin coins...
2021-12-25 20:19:29,483 INFO: Checking for coin announcements every 3 seconds (in a separate thread)
2021-12-25 20:19:33,096 INFO: Kucoin announcements enabled, look for new Kucoin coins...
2021-12-25 20:19:33,386 INFO: Checking for coin announcements every 3 seconds (in a separate thread)
2021-12-25 20:19:37,049 INFO: Kucoin announcements enabled, look for new Kucoin coins...
2021-12-25 20:19:37,356 INFO: Checking for coin announcements every 3 seconds (in a separate thread)
2021-12-25 20:19:41,039 INFO: Kucoin announcements enabled, look for new Kucoin coins...
2021-12-25 20:19:41,345 INFO: Checking for coin announcements every 3 seconds (in a separate thread)
2021-12-25 20:19:45,141 INFO: Kucoin announcements enabled, look for new Kucoin coins...
2021-12-25 20:19:45,449 INFO: Checking for coin announcements every 3 seconds (in a separate thread)
2021-12-25 20:19:49,334 INFO: Kucoin announcements enabled, look for new Kucoin coins...
2021-12-25 20:19:49,959 INFO: Checking for coin announcements every 3 seconds (in a separate thread)
2021-12-25 20:19:53,941 INFO: Kucoin announcements enabled, look for new Kucoin coins...
2021-12-25 20:19:54,232 INFO: Checking for coin announcements every 3 seconds (in a separate thread)
2021-12-25 20:19:59,166 INFO: Kucoin announcements enabled, look for new Kucoin coins...
2021-12-25 20:19:59,595 INFO: Checking for coin announcements every 3 seconds (in a separate thread)
2021-12-25 20:20:04,693 INFO: Kucoin announcements enabled, look for new Kucoin coins...
2021-12-25 20:20:04,983 INFO: Checking for coin announcements every 3 seconds (in a separate thread)
2021-12-25 20:20:09,221 INFO: Kucoin announcements enabled, look for new Kucoin coins...
2021-12-25 20:20:09,520 INFO: Checking for coin announcements every 3 seconds (in a separate thread)
2021-12-25 20:20:13,602 INFO: Kucoin announcements enabled, look for new Kucoin coins...
2021-12-25 20:20:14,524 INFO: Checking for coin announcements every 3 seconds (in a separate thread)
2021-12-25 20:20:18,527 INFO: Kucoin announcements enabled, look for new Kucoin coins...
2021-12-25 20:20:18,828 INFO: Checking for coin announcements every 3 seconds (in a separate thread)
2021-12-25 20:20:22,448 INFO: Kucoin announcements enabled, look for new Kucoin coins...
2021-12-25 20:20:22,762 INFO: Checking for coin announcements every 3 seconds (in a separate thread)
2021-12-25 20:20:26,505 INFO: Kucoin announcements enabled, look for new Kucoin coins...
2021-12-25 20:20:26,787 INFO: Checking for coin announcements every 3 seconds (in a separate thread)
2021-12-25 20:20:30,498 INFO: Kucoin announcements enabled, look for new Kucoin coins...
2021-12-25 20:20:31,420 INFO: Checking for coin announcements every 3 seconds (in a separate thread)
2021-12-25 20:20:32,082 INFO: Getting the list of supported currencies from gate io
2021-12-25 20:20:33,649 INFO: List of gate io currencies saved to currencies.json. Waiting 5 minutes before refreshing list...
2021-12-25 20:20:35,107 INFO: Kucoin announcements enabled, look for new Kucoin coins...
2021-12-25 20:20:35,390 INFO: Checking for coin announcements every 3 seconds (in a separate thread)
2021-12-25 20:20:39,406 INFO: Kucoin announcements enabled, look for new Kucoin coins...
2021-12-25 20:20:40,036 INFO: Checking for coin announcements every 3 seconds (in a separate thread)
2021-12-25 20:20:44,341 INFO: Kucoin announcements enabled, look for new Kucoin coins...
2021-12-25 20:20:44,662 INFO: Checking for coin announcements every 3 seconds (in a separate thread)
2021-12-25 20:20:48,299 INFO: Kucoin announcements enabled, look for new Kucoin coins...
2021-12-25 20:20:48,615 INFO: Checking for coin announcements every 3 seconds (in a separate thread)
2021-12-25 20:20:52,231 INFO: Kucoin announcements enabled, look for new Kucoin coins...
2021-12-25 20:20:52,540 INFO: Checking for coin announcements every 3 seconds (in a separate thread)
2021-12-25 20:20:56,311 INFO: Kucoin announcements enabled, look for new Kucoin coins...
2021-12-25 20:20:56,597 INFO: Checking for coin announcements every 3 seconds (in a separate thread)
2021-12-25 20:21:00,307 INFO: Kucoin announcements enabled, look for new Kucoin coins...
2021-12-25 20:21:00,589 INFO: Checking for coin announcements every 3 seconds (in a separate thread)
2021-12-25 20:21:04,601 INFO: Kucoin announcements enabled, look for new Kucoin coins...
2021-12-25 20:21:04,906 INFO: Checking for coin announcements every 3 seconds (in a separate thread)
2021-12-25 20:21:08,528 INFO: Kucoin announcements enabled, look for new Kucoin coins...
2021-12-25 20:21:08,819 INFO: Checking for coin announcements every 3 seconds (in a separate thread)
2021-12-25 20:21:12,608 INFO: Kucoin announcements enabled, look for new Kucoin coins...
2021-12-25 20:21:12,891 INFO: Checking for coin announcements every 3 seconds (in a separate thread)
2021-12-25 20:21:16,900 INFO: Kucoin announcements enabled, look for new Kucoin coins...
2021-12-25 20:21:17,204 INFO: Checking for coin announcements every 3 seconds (in a separate thread)
2021-12-25 20:21:20,886 INFO: Kucoin announcements enabled, look for new Kucoin coins...
2021-12-25 20:21:21,257 INFO: Checking for coin announcements every 3 seconds (in a separate thread)
2021-12-25 20:21:25,198 INFO: Kucoin announcements enabled, look for new Kucoin coins...
2021-12-25 20:21:25,504 INFO: Checking for coin announcements every 3 seconds (in a separate thread)
2021-12-25 20:21:29,482 INFO: Kucoin announcements enabled, look for new Kucoin coins...
2021-12-25 20:21:29,791 INFO: Checking for coin announcements every 3 seconds (in a separate thread)
2021-12-25 20:21:33,784 INFO: Kucoin announcements enabled, look for new Kucoin coins...
2021-12-25 20:21:34,079 INFO: Checking for coin announcements every 3 seconds (in a separate thread)
2021-12-25 20:21:37,685 INFO: Kucoin announcements enabled, look for new Kucoin coins...
2021-12-25 20:21:37,999 INFO: Checking for coin announcements every 3 seconds (in a separate thread)
2021-12-25 20:21:41,817 INFO: Kucoin announcements enabled, look for new Kucoin coins...
2021-12-25 20:21:42,104 INFO: Checking for coin announcements every 3 seconds (in a separate thread)
2021-12-25 20:21:45,718 INFO: Kucoin announcements enabled, look for new Kucoin coins...
2021-12-25 20:21:46,380 INFO: Checking for coin announcements every 3 seconds (in a separate thread)
2021-12-25 20:21:49,985 INFO: Kucoin announcements enabled, look for new Kucoin coins...
2021-12-25 20:21:50,302 INFO: Checking for coin announcements every 3 seconds (in a separate thread)
2021-12-25 20:21:53,922 INFO: Kucoin announcements enabled, look for new Kucoin coins...
2021-12-25 20:21:54,215 INFO: Checking for coin announcements every 3 seconds (in a separate thread)
2021-12-25 20:21:58,052 INFO: Kucoin announcements enabled, look for new Kucoin coins...
2021-12-25 20:21:58,374 INFO: Checking for coin announcements every 3 seconds (in a separate thread)
2021-12-25 20:22:02,159 INFO: Kucoin announcements enabled, look for new Kucoin coins...
2021-12-25 20:22:02,463 INFO: Checking for coin announcements every 3 seconds (in a separate thread)
2021-12-25 20:22:06,652 INFO: Kucoin announcements enabled, look for new Kucoin coins...
2021-12-25 20:22:07,116 INFO: Checking for coin announcements every 3 seconds (in a separate thread)
2021-12-25 20:22:10,958 INFO: Kucoin announcements enabled, look for new Kucoin coins...
2021-12-25 20:22:11,286 INFO: Checking for coin announcements every 3 seconds (in a separate thread)
2021-12-25 20:22:15,256 INFO: Kucoin announcements enabled, look for new Kucoin coins...
2021-12-25 20:22:15,551 INFO: Checking for coin announcements every 3 seconds (in a separate thread)
2021-12-25 20:22:19,184 INFO: Kucoin announcements enabled, look for new Kucoin coins...
2021-12-25 20:22:19,512 INFO: Checking for coin announcements every 3 seconds (in a separate thread)
2021-12-25 20:22:23,147 INFO: Kucoin announcements enabled, look for new Kucoin coins...
2021-12-25 20:22:23,792 INFO: Checking for coin announcements every 3 seconds (in a separate thread)
2021-12-25 20:22:27,588 INFO: Kucoin announcements enabled, look for new Kucoin coins...
2021-12-25 20:22:27,911 INFO: Checking for coin announcements every 3 seconds (in a separate thread)
2021-12-25 20:22:31,527 INFO: Kucoin announcements enabled, look for new Kucoin coins...
2021-12-25 20:22:32,175 INFO: Checking for coin announcements every 3 seconds (in a separate thread)
2021-12-25 20:22:35,792 INFO: Kucoin announcements enabled, look for new Kucoin coins...
2021-12-25 20:22:36,437 INFO: Checking for coin announcements every 3 seconds (in a separate thread)
2021-12-25 20:22:40,459 INFO: Kucoin announcements enabled, look for new Kucoin coins...
2021-12-25 20:22:40,762 INFO: Checking for coin announcements every 3 seconds (in a separate thread)
2021-12-25 20:22:44,757 INFO: Kucoin announcements enabled, look for new Kucoin coins...
2021-12-25 20:22:45,066 INFO: Checking for coin announcements every 3 seconds (in a separate thread)
2021-12-25 20:22:48,677 INFO: Kucoin announcements enabled, look for new Kucoin coins...
2021-12-25 20:22:48,971 INFO: Checking for coin announcements every 3 seconds (in a separate thread)
2021-12-25 20:22:52,580 INFO: Kucoin announcements enabled, look for new Kucoin coins...
2021-12-25 20:22:52,886 INFO: Checking for coin announcements every 3 seconds (in a separate thread)
2021-12-25 20:22:56,499 INFO: Kucoin announcements enabled, look for new Kucoin coins...
2021-12-25 20:22:56,793 INFO: Checking for coin announcements every 3 seconds (in a separate thread)
2021-12-25 20:23:00,568 INFO: Kucoin announcements enabled, look for new Kucoin coins...
2021-12-25 20:23:00,867 INFO: Checking for coin announcements every 3 seconds (in a separate thread)
2021-12-25 20:23:04,484 INFO: Kucoin announcements enabled, look for new Kucoin coins...
2021-12-25 20:23:04,784 INFO: Checking for coin announcements every 3 seconds (in a separate thread)
2021-12-25 20:23:08,452 INFO: Kucoin announcements enabled, look for new Kucoin coins...
2021-12-25 20:23:08,774 INFO: Checking for coin announcements every 3 seconds (in a separate thread)
2021-12-25 20:23:12,401 INFO: Kucoin announcements enabled, look for new Kucoin coins...
2021-12-25 20:23:12,686 INFO: Checking for coin announcements every 3 seconds (in a separate thread)
2021-12-25 20:23:16,291 INFO: Kucoin announcements enabled, look for new Kucoin coins...
2021-12-25 20:23:16,588 INFO: Checking for coin announcements every 3 seconds (in a separate thread)
2021-12-25 20:23:20,384 INFO: Kucoin announcements enabled, look for new Kucoin coins...
2021-12-25 20:23:20,690 INFO: Checking for coin announcements every 3 seconds (in a separate thread)
2021-12-25 20:23:24,635 INFO: Kucoin announcements enabled, look for new Kucoin coins...
2021-12-25 20:23:24,925 INFO: Checking for coin announcements every 3 seconds (in a separate thread)
2021-12-25 20:23:28,984 INFO: Kucoin announcements enabled, look for new Kucoin coins...
2021-12-25 20:23:29,293 INFO: Checking for coin announcements every 3 seconds (in a separate thread)
2021-12-25 20:23:32,918 INFO: Kucoin announcements enabled, look for new Kucoin coins...
2021-12-25 20:23:33,250 INFO: Checking for coin announcements every 3 seconds (in a separate thread)
2021-12-25 20:23:36,868 INFO: Kucoin announcements enabled, look for new Kucoin coins...
2021-12-25 20:23:37,150 INFO: Checking for coin announcements every 3 seconds (in a separate thread)
2021-12-25 20:23:40,769 INFO: Kucoin announcements enabled, look for new Kucoin coins...
2021-12-25 20:23:41,054 INFO: Checking for coin announcements every 3 seconds (in a separate thread)
2021-12-25 20:23:44,694 INFO: Kucoin announcements enabled, look for new Kucoin coins...
2021-12-25 20:23:44,999 INFO: Checking for coin announcements every 3 seconds (in a separate thread)
2021-12-25 20:23:48,963 INFO: Kucoin announcements enabled, look for new Kucoin coins...
2021-12-25 20:23:49,272 INFO: Checking for coin announcements every 3 seconds (in a separate thread)
2021-12-25 20:23:52,884 INFO: Kucoin announcements enabled, look for new Kucoin coins...
2021-12-25 20:23:53,162 INFO: Checking for coin announcements every 3 seconds (in a separate thread)
2021-12-25 20:23:56,804 INFO: Kucoin announcements enabled, look for new Kucoin coins...
2021-12-25 20:23:57,462 INFO: Checking for coin announcements every 3 seconds (in a separate thread)
2021-12-25 20:24:01,562 INFO: Kucoin announcements enabled, look for new Kucoin coins...
2021-12-25 20:24:01,900 INFO: Checking for coin announcements every 3 seconds (in a separate thread)
2021-12-25 20:24:05,854 INFO: Kucoin announcements enabled, look for new Kucoin coins...
2021-12-25 20:24:06,180 INFO: Checking for coin announcements every 3 seconds (in a separate thread)
2021-12-25 20:24:09,843 INFO: Kucoin announcements enabled, look for new Kucoin coins...
2021-12-25 20:24:10,132 INFO: Checking for coin announcements every 3 seconds (in a separate thread)
2021-12-25 20:24:13,756 INFO: Kucoin announcements enabled, look for new Kucoin coins...
2021-12-25 20:24:14,058 INFO: Checking for coin announcements every 3 seconds (in a separate thread)
2021-12-25 20:24:17,833 INFO: Kucoin announcements enabled, look for new Kucoin coins...
2021-12-25 20:24:18,140 INFO: Checking for coin announcements every 3 seconds (in a separate thread)
2021-12-25 20:24:21,798 INFO: Kucoin announcements enabled, look for new Kucoin coins...
2021-12-25 20:24:22,100 INFO: Checking for coin announcements every 3 seconds (in a separate thread)
2021-12-25 20:24:26,133 INFO: Kucoin announcements enabled, look for new Kucoin coins...
2021-12-25 20:24:26,806 INFO: Checking for coin announcements every 3 seconds (in a separate thread)
2021-12-25 20:24:31,038 INFO: Kucoin announcements enabled, look for new Kucoin coins...
2021-12-25 20:24:31,341 INFO: Checking for coin announcements every 3 seconds (in a separate thread)
2021-12-25 20:24:35,034 INFO: Kucoin announcements enabled, look for new Kucoin coins...
2021-12-25 20:24:35,319 INFO: Checking for coin announcements every 3 seconds (in a separate thread)
2021-12-25 20:24:39,335 INFO: Kucoin announcements enabled, look for new Kucoin coins...
2021-12-25 20:24:39,955 INFO: Checking for coin announcements every 3 seconds (in a separate thread)
2021-12-25 20:24:43,942 INFO: Kucoin announcements enabled, look for new Kucoin coins...
2021-12-25 20:24:44,234 INFO: Checking for coin announcements every 3 seconds (in a separate thread)
2021-12-25 20:24:47,884 INFO: Kucoin announcements enabled, look for new Kucoin coins...
2021-12-25 20:24:48,185 INFO: Checking for coin announcements every 3 seconds (in a separate thread)
2021-12-25 20:24:51,940 INFO: Kucoin announcements enabled, look for new Kucoin coins...
2021-12-25 20:24:52,243 INFO: Checking for coin announcements every 3 seconds (in a separate thread)
2021-12-25 20:24:55,924 INFO: Kucoin announcements enabled, look for new Kucoin coins...
2021-12-25 20:24:56,206 INFO: Checking for coin announcements every 3 seconds (in a separate thread)
2021-12-25 20:25:00,224 INFO: Kucoin announcements enabled, look for new Kucoin coins...
2021-12-25 20:25:00,524 INFO: Checking for coin announcements every 3 seconds (in a separate thread)
2021-12-25 20:25:04,278 INFO: Kucoin announcements enabled, look for new Kucoin coins...
2021-12-25 20:25:04,586 INFO: Checking for coin announcements every 3 seconds (in a separate thread)
2021-12-25 20:25:08,301 INFO: Kucoin announcements enabled, look for new Kucoin coins...
2021-12-25 20:25:08,609 INFO: Checking for coin announcements every 3 seconds (in a separate thread)
2021-12-25 20:25:12,264 INFO: Kucoin announcements enabled, look for new Kucoin coins...
2021-12-25 20:25:12,542 INFO: Checking for coin announcements every 3 seconds (in a separate thread)
2021-12-25 20:25:16,200 INFO: Kucoin announcements enabled, look for new Kucoin coins...
2021-12-25 20:25:16,494 INFO: Checking for coin announcements every 3 seconds (in a separate thread)
2021-12-25 20:25:20,446 INFO: Kucoin announcements enabled, look for new Kucoin coins...
2021-12-25 20:25:20,900 INFO: Checking for coin announcements every 3 seconds (in a separate thread)
2021-12-25 20:25:24,848 INFO: Kucoin announcements enabled, look for new Kucoin coins...
2021-12-25 20:25:25,145 INFO: Checking for coin announcements every 3 seconds (in a separate thread)
2021-12-25 20:25:29,100 INFO: Kucoin announcements enabled, look for new Kucoin coins...
2021-12-25 20:25:29,387 INFO: Checking for coin announcements every 3 seconds (in a separate thread)
2021-12-25 20:25:33,090 INFO: Kucoin announcements enabled, look for new Kucoin coins...
2021-12-25 20:25:33,396 INFO: Checking for coin announcements every 3 seconds (in a separate thread)
2021-12-25 20:25:34,525 INFO: Getting the list of supported currencies from gate io
2021-12-25 20:25:36,134 INFO: List of gate io currencies saved to currencies.json. Waiting 5 minutes before refreshing list...
2021-12-25 20:25:37,424 INFO: Kucoin announcements enabled, look for new Kucoin coins...
2021-12-25 20:25:37,731 INFO: Checking for coin announcements every 3 seconds (in a separate thread)
2021-12-25 20:25:41,392 INFO: Kucoin announcements enabled, look for new Kucoin coins...
2021-12-25 20:25:41,694 INFO: Checking for coin announcements every 3 seconds (in a separate thread)
2021-12-25 20:25:45,451 INFO: Kucoin announcements enabled, look for new Kucoin coins...
2021-12-25 20:25:45,779 INFO: Checking for coin announcements every 3 seconds (in a separate thread)
2021-12-25 20:25:49,483 INFO: Kucoin announcements enabled, look for new Kucoin coins...
2021-12-25 20:25:49,782 INFO: Checking for coin announcements every 3 seconds (in a separate thread)
2021-12-25 20:25:53,679 INFO: Kucoin announcements enabled, look for new Kucoin coins...
2021-12-25 20:25:53,980 INFO: Checking for coin announcements every 3 seconds (in a separate thread)
2021-12-25 20:25:57,603 INFO: Kucoin announcements enabled, look for new Kucoin coins...
2021-12-25 20:25:57,981 INFO: Checking for coin announcements every 3 seconds (in a separate thread)
2021-12-25 20:26:01,670 INFO: Kucoin announcements enabled, look for new Kucoin coins...
2021-12-25 20:26:02,284 INFO: Checking for coin announcements every 3 seconds (in a separate thread)
2021-12-25 20:26:06,223 INFO: Kucoin announcements enabled, look for new Kucoin coins...
2021-12-25 20:26:06,539 INFO: Checking for coin announcements every 3 seconds (in a separate thread)
2021-12-25 20:26:10,577 INFO: Kucoin announcements enabled, look for new Kucoin coins...
2021-12-25 20:26:11,214 INFO: Checking for coin announcements every 3 seconds (in a separate thread)
2021-12-25 20:26:14,894 INFO: Kucoin announcements enabled, look for new Kucoin coins...
2021-12-25 20:26:15,201 INFO: Checking for coin announcements every 3 seconds (in a separate thread)
2021-12-25 20:26:19,178 INFO: Kucoin announcements enabled, look for new Kucoin coins...
2021-12-25 20:26:19,536 INFO: Checking for coin announcements every 3 seconds (in a separate thread)
2021-12-25 20:26:23,156 INFO: Kucoin announcements enabled, look for new Kucoin coins...
2021-12-25 20:26:23,451 INFO: Checking for coin announcements every 3 seconds (in a separate thread)
2021-12-25 20:26:27,214 INFO: Kucoin announcements enabled, look for new Kucoin coins...
2021-12-25 20:26:27,518 INFO: Checking for coin announcements every 3 seconds (in a separate thread)
2021-12-25 20:26:31,469 INFO: Kucoin announcements enabled, look for new Kucoin coins...
2021-12-25 20:26:31,764 INFO: Checking for coin announcements every 3 seconds (in a separate thread)
2021-12-25 20:26:35,769 INFO: Kucoin announcements enabled, look for new Kucoin coins...
2021-12-25 20:26:36,074 INFO: Checking for coin announcements every 3 seconds (in a separate thread)
2021-12-25 20:26:40,099 INFO: Kucoin announcements enabled, look for new Kucoin coins...
2021-12-25 20:26:40,407 INFO: Checking for coin announcements every 3 seconds (in a separate thread)
2021-12-25 20:26:44,062 INFO: Kucoin announcements enabled, look for new Kucoin coins...
2021-12-25 20:26:44,338 INFO: Checking for coin announcements every 3 seconds (in a separate thread)
2021-12-25 20:26:48,165 INFO: Kucoin announcements enabled, look for new Kucoin coins...
2021-12-25 20:26:48,469 INFO: Checking for coin announcements every 3 seconds (in a separate thread)
2021-12-25 20:26:52,086 INFO: Kucoin announcements enabled, look for new Kucoin coins...
2021-12-25 20:26:52,401 INFO: Checking for coin announcements every 3 seconds (in a separate thread)
2021-12-25 20:26:56,028 INFO: Kucoin announcements enabled, look for new Kucoin coins...
2021-12-25 20:26:56,346 INFO: Checking for coin announcements every 3 seconds (in a separate thread)
2021-12-25 20:26:59,962 INFO: Kucoin announcements enabled, look for new Kucoin coins...
2021-12-25 20:27:00,269 INFO: Checking for coin announcements every 3 seconds (in a separate thread)
2021-12-25 20:27:03,894 INFO: Kucoin announcements enabled, look for new Kucoin coins...
2021-12-25 20:27:04,221 INFO: Checking for coin announcements every 3 seconds (in a separate thread)
2021-12-25 20:27:07,931 INFO: Kucoin announcements enabled, look for new Kucoin coins...
2021-12-25 20:27:08,232 INFO: Checking for coin announcements every 3 seconds (in a separate thread)
2021-12-25 20:27:11,875 INFO: Kucoin announcements enabled, look for new Kucoin coins...
2021-12-25 20:27:12,182 INFO: Checking for coin announcements every 3 seconds (in a separate thread)
2021-12-25 20:27:16,629 INFO: Kucoin announcements enabled, look for new Kucoin coins...
2021-12-25 20:27:16,928 INFO: Checking for coin announcements every 3 seconds (in a separate thread)
2021-12-25 20:27:20,713 INFO: Kucoin announcements enabled, look for new Kucoin coins...
2021-12-25 20:27:21,005 INFO: Checking for coin announcements every 3 seconds (in a separate thread)
2021-12-25 20:27:24,920 INFO: Kucoin announcements enabled, look for new Kucoin coins...
2021-12-25 20:27:25,223 INFO: Checking for coin announcements every 3 seconds (in a separate thread)
2021-12-25 20:27:28,914 INFO: Kucoin announcements enabled, look for new Kucoin coins...
2021-12-25 20:27:29,242 INFO: Checking for coin announcements every 3 seconds (in a separate thread)
2021-12-25 20:27:32,951 INFO: Kucoin announcements enabled, look for new Kucoin coins...
2021-12-25 20:27:33,248 INFO: Checking for coin announcements every 3 seconds (in a separate thread)
2021-12-25 20:27:36,865 INFO: Kucoin announcements enabled, look for new Kucoin coins...
2021-12-25 20:27:37,225 INFO: Checking for coin announcements every 3 seconds (in a separate thread)
2021-12-25 20:27:40,934 INFO: Kucoin announcements enabled, look for new Kucoin coins...
2021-12-25 20:27:41,228 INFO: Checking for coin announcements every 3 seconds (in a separate thread)
2021-12-25 20:27:44,848 INFO: Kucoin announcements enabled, look for new Kucoin coins...
2021-12-25 20:27:45,166 INFO: Checking for coin announcements every 3 seconds (in a separate thread)
2021-12-25 20:27:48,802 INFO: Kucoin announcements enabled, look for new Kucoin coins...
2021-12-25 20:27:49,128 INFO: Checking for coin announcements every 3 seconds (in a separate thread)
2021-12-25 20:27:52,948 INFO: Kucoin announcements enabled, look for new Kucoin coins...
2021-12-25 20:27:53,491 INFO: Checking for coin announcements every 3 seconds (in a separate thread)
2021-12-25 20:27:57,219 INFO: Kucoin announcements enabled, look for new Kucoin coins...
2021-12-25 20:27:57,532 INFO: Checking for coin announcements every 3 seconds (in a separate thread)
2021-12-25 20:28:01,136 INFO: Kucoin announcements enabled, look for new Kucoin coins...
2021-12-25 20:28:01,444 INFO: Checking for coin announcements every 3 seconds (in a separate thread)
2021-12-25 20:28:05,203 INFO: Kucoin announcements enabled, look for new Kucoin coins...
2021-12-25 20:28:05,524 INFO: Checking for coin announcements every 3 seconds (in a separate thread)
2021-12-25 20:28:09,143 INFO: Kucoin announcements enabled, look for new Kucoin coins...
2021-12-25 20:28:09,432 INFO: Checking for coin announcements every 3 seconds (in a separate thread)
2021-12-25 20:28:13,047 INFO: Kucoin announcements enabled, look for new Kucoin coins...
2021-12-25 20:28:13,459 INFO: Checking for coin announcements every 3 seconds (in a separate thread)
2021-12-25 20:28:17,190 INFO: Kucoin announcements enabled, look for new Kucoin coins...
2021-12-25 20:28:17,491 INFO: Checking for coin announcements every 3 seconds (in a separate thread)
2021-12-25 20:28:21,100 INFO: Kucoin announcements enabled, look for new Kucoin coins...
2021-12-25 20:28:21,387 INFO: Checking for coin announcements every 3 seconds (in a separate thread)
2021-12-25 20:28:25,145 INFO: Kucoin announcements enabled, look for new Kucoin coins...
2021-12-25 20:28:25,784 INFO: Checking for coin announcements every 3 seconds (in a separate thread)
2021-12-25 20:28:29,433 INFO: Kucoin announcements enabled, look for new Kucoin coins...
2021-12-25 20:28:29,747 INFO: Checking for coin announcements every 3 seconds (in a separate thread)
2021-12-25 20:28:33,364 INFO: Kucoin announcements enabled, look for new Kucoin coins...
2021-12-25 20:28:33,661 INFO: Checking for coin announcements every 3 seconds (in a separate thread)
2021-12-25 20:28:37,725 INFO: Kucoin announcements enabled, look for new Kucoin coins...
2021-12-25 20:28:38,037 INFO: Checking for coin announcements every 3 seconds (in a separate thread)
2021-12-25 20:28:41,770 INFO: Kucoin announcements enabled, look for new Kucoin coins...
2021-12-25 20:28:42,079 INFO: Checking for coin announcements every 3 seconds (in a separate thread)
2021-12-25 20:28:45,755 INFO: Kucoin announcements enabled, look for new Kucoin coins...
2021-12-25 20:28:46,064 INFO: Checking for coin announcements every 3 seconds (in a separate thread)
2021-12-25 20:28:50,038 INFO: Kucoin announcements enabled, look for new Kucoin coins...
2021-12-25 20:28:50,936 INFO: Checking for coin announcements every 3 seconds (in a separate thread)
2021-12-25 20:28:54,623 INFO: Kucoin announcements enabled, look for new Kucoin coins...
2021-12-25 20:28:54,913 INFO: Checking for coin announcements every 3 seconds (in a separate thread)
2021-12-25 20:28:58,615 INFO: Kucoin announcements enabled, look for new Kucoin coins...
2021-12-25 20:28:58,904 INFO: Checking for coin announcements every 3 seconds (in a separate thread)
2021-12-25 20:29:02,610 INFO: Kucoin announcements enabled, look for new Kucoin coins...
2021-12-25 20:29:02,906 INFO: Checking for coin announcements every 3 seconds (in a separate thread)
2021-12-25 20:29:06,646 INFO: Kucoin announcements enabled, look for new Kucoin coins...
2021-12-25 20:29:06,942 INFO: Checking for coin announcements every 3 seconds (in a separate thread)
2021-12-25 20:29:10,903 INFO: Kucoin announcements enabled, look for new Kucoin coins...
2021-12-25 20:29:11,200 INFO: Checking for coin announcements every 3 seconds (in a separate thread)
2021-12-25 20:29:14,822 INFO: Kucoin announcements enabled, look for new Kucoin coins...
2021-12-25 20:29:15,119 INFO: Checking for coin announcements every 3 seconds (in a separate thread)
2021-12-25 20:29:19,049 INFO: Kucoin announcements enabled, look for new Kucoin coins...
2021-12-25 20:29:19,347 INFO: Checking for coin announcements every 3 seconds (in a separate thread)
2021-12-25 20:29:22,976 INFO: Kucoin announcements enabled, look for new Kucoin coins...
2021-12-25 20:29:23,280 INFO: Checking for coin announcements every 3 seconds (in a separate thread)
2021-12-25 20:29:27,194 INFO: Kucoin announcements enabled, look for new Kucoin coins...
2021-12-25 20:29:27,527 INFO: Checking for coin announcements every 3 seconds (in a separate thread)
2021-12-25 20:29:31,144 INFO: Kucoin announcements enabled, look for new Kucoin coins...
2021-12-25 20:29:31,459 INFO: Checking for coin announcements every 3 seconds (in a separate thread)
2021-12-25 20:29:35,173 INFO: Kucoin announcements enabled, look for new Kucoin coins...
2021-12-25 20:29:35,489 INFO: Checking for coin announcements every 3 seconds (in a separate thread)
2021-12-25 20:29:39,231 INFO: Kucoin announcements enabled, look for new Kucoin coins...
2021-12-25 20:29:39,546 INFO: Checking for coin announcements every 3 seconds (in a separate thread)
2021-12-25 20:29:43,207 INFO: Kucoin announcements enabled, look for new Kucoin coins...
2021-12-25 20:29:43,496 INFO: Checking for coin announcements every 3 seconds (in a separate thread)
2021-12-25 20:29:47,203 INFO: Kucoin announcements enabled, look for new Kucoin coins...
2021-12-25 20:29:47,493 INFO: Checking for coin announcements every 3 seconds (in a separate thread)
2021-12-25 20:29:51,113 INFO: Kucoin announcements enabled, look for new Kucoin coins...
2021-12-25 20:29:51,412 INFO: Checking for coin announcements every 3 seconds (in a separate thread)
2021-12-25 20:29:55,456 INFO: Kucoin announcements enabled, look for new Kucoin coins...
2021-12-25 20:29:56,375 INFO: Checking for coin announcements every 3 seconds (in a separate thread)
2021-12-25 20:30:00,365 INFO: Kucoin announcements enabled, look for new Kucoin coins...
2021-12-25 20:30:00,986 INFO: Checking for coin announcements every 3 seconds (in a separate thread)
2021-12-25 20:30:04,601 INFO: Kucoin announcements enabled, look for new Kucoin coins...
2021-12-25 20:30:05,280 INFO: Checking for coin announcements every 3 seconds (in a separate thread)
2021-12-25 20:30:08,910 INFO: Kucoin announcements enabled, look for new Kucoin coins...
2021-12-25 20:30:09,234 INFO: Checking for coin announcements every 3 seconds (in a separate thread)
2021-12-25 20:30:13,015 INFO: Kucoin announcements enabled, look for new Kucoin coins...
2021-12-25 20:30:13,333 INFO: Checking for coin announcements every 3 seconds (in a separate thread)
2021-12-25 20:30:17,265 INFO: Kucoin announcements enabled, look for new Kucoin coins...
2021-12-25 20:30:17,584 INFO: Checking for coin announcements every 3 seconds (in a separate thread)
2021-12-25 20:30:21,354 INFO: Kucoin announcements enabled, look for new Kucoin coins...
2021-12-25 20:30:22,042 INFO: Checking for coin announcements every 3 seconds (in a separate thread)
2021-12-25 20:30:25,864 INFO: Kucoin announcements enabled, look for new Kucoin coins...
2021-12-25 20:30:26,160 INFO: Checking for coin announcements every 3 seconds (in a separate thread)
2021-12-25 20:30:29,790 INFO: Kucoin announcements enabled, look for new Kucoin coins...
2021-12-25 20:30:30,099 INFO: Checking for coin announcements every 3 seconds (in a separate thread)
2021-12-25 20:30:33,896 INFO: Kucoin announcements enabled, look for new Kucoin coins...
2021-12-25 20:30:34,208 INFO: Checking for coin announcements every 3 seconds (in a separate thread)
2021-12-25 20:30:36,969 INFO: Getting the list of supported currencies from gate io
2021-12-25 20:30:37,828 INFO: Kucoin announcements enabled, look for new Kucoin coins...
2021-12-25 20:30:38,123 INFO: Checking for coin announcements every 3 seconds (in a separate thread)
2021-12-25 20:30:38,637 INFO: List of gate io currencies saved to currencies.json. Waiting 5 minutes before refreshing list...
2021-12-25 20:30:41,836 INFO: Kucoin announcements enabled, look for new Kucoin coins...
2021-12-25 20:30:42,487 INFO: Checking for coin announcements every 3 seconds (in a separate thread)
2021-12-25 20:30:46,751 INFO: Kucoin announcements enabled, look for new Kucoin coins...
2021-12-25 20:30:47,052 INFO: Checking for coin announcements every 3 seconds (in a separate thread)
2021-12-25 20:30:50,658 INFO: Kucoin announcements enabled, look for new Kucoin coins...
2021-12-25 20:30:50,953 INFO: Checking for coin announcements every 3 seconds (in a separate thread)
2021-12-25 20:30:54,730 INFO: Kucoin announcements enabled, look for new Kucoin coins...
2021-12-25 20:30:55,032 INFO: Checking for coin announcements every 3 seconds (in a separate thread)
2021-12-25 20:30:58,836 INFO: Kucoin announcements enabled, look for new Kucoin coins...
2021-12-25 20:30:59,655 INFO: Checking for coin announcements every 3 seconds (in a separate thread)
2021-12-25 20:31:03,846 INFO: Kucoin announcements enabled, look for new Kucoin coins...
2021-12-25 20:31:04,154 INFO: Checking for coin announcements every 3 seconds (in a separate thread)
2021-12-25 20:31:07,905 INFO: Kucoin announcements enabled, look for new Kucoin coins...
2021-12-25 20:31:08,200 INFO: Checking for coin announcements every 3 seconds (in a separate thread)
2021-12-25 20:31:11,943 INFO: Kucoin announcements enabled, look for new Kucoin coins...
2021-12-25 20:31:12,255 INFO: Checking for coin announcements every 3 seconds (in a separate thread)
2021-12-25 20:31:16,245 INFO: Kucoin announcements enabled, look for new Kucoin coins...
2021-12-25 20:31:16,565 INFO: Checking for coin announcements every 3 seconds (in a separate thread)
2021-12-25 20:31:20,295 INFO: Kucoin announcements enabled, look for new Kucoin coins...
2021-12-25 20:31:20,586 INFO: Checking for coin announcements every 3 seconds (in a separate thread)
2021-12-25 20:31:24,216 INFO: Kucoin announcements enabled, look for new Kucoin coins...
2021-12-25 20:31:24,543 INFO: Checking for coin announcements every 3 seconds (in a separate thread)
2021-12-25 20:31:28,224 INFO: Kucoin announcements enabled, look for new Kucoin coins...
2021-12-25 20:31:28,940 INFO: Checking for coin announcements every 3 seconds (in a separate thread)
2021-12-25 20:31:32,879 INFO: Kucoin announcements enabled, look for new Kucoin coins...
2021-12-25 20:31:33,179 INFO: Checking for coin announcements every 3 seconds (in a separate thread)
2021-12-25 20:31:36,911 INFO: Kucoin announcements enabled, look for new Kucoin coins...
2021-12-25 20:31:37,222 INFO: Checking for coin announcements every 3 seconds (in a separate thread)
2021-12-25 20:31:40,864 INFO: Kucoin announcements enabled, look for new Kucoin coins...
2021-12-25 20:31:41,170 INFO: Checking for coin announcements every 3 seconds (in a separate thread)
2021-12-25 20:31:44,813 INFO: Kucoin announcements enabled, look for new Kucoin coins...
2021-12-25 20:31:45,121 INFO: Checking for coin announcements every 3 seconds (in a separate thread)
2021-12-25 20:31:49,186 INFO: Kucoin announcements enabled, look for new Kucoin coins...
2021-12-25 20:31:49,483 INFO: Checking for coin announcements every 3 seconds (in a separate thread)
2021-12-25 20:31:53,423 INFO: Kucoin announcements enabled, look for new Kucoin coins...
2021-12-25 20:31:53,707 INFO: Checking for coin announcements every 3 seconds (in a separate thread)
2021-12-25 20:31:57,716 INFO: Kucoin announcements enabled, look for new Kucoin coins...
2021-12-25 20:31:58,028 INFO: Checking for coin announcements every 3 seconds (in a separate thread)
2021-12-25 20:32:02,039 INFO: Kucoin announcements enabled, look for new Kucoin coins...
2021-12-25 20:32:02,346 INFO: Checking for coin announcements every 3 seconds (in a separate thread)
2021-12-25 20:32:06,320 INFO: Kucoin announcements enabled, look for new Kucoin coins...
2021-12-25 20:32:06,613 INFO: Checking for coin announcements every 3 seconds (in a separate thread)
2021-12-25 20:32:10,358 INFO: Kucoin announcements enabled, look for new Kucoin coins...
2021-12-25 20:32:10,632 INFO: Checking for coin announcements every 3 seconds (in a separate thread)
2021-12-25 20:32:14,641 INFO: Kucoin announcements enabled, look for new Kucoin coins...
2021-12-25 20:32:14,946 INFO: Checking for coin announcements every 3 seconds (in a separate thread)
2021-12-25 20:32:18,650 INFO: Kucoin announcements enabled, look for new Kucoin coins...
2021-12-25 20:32:18,954 INFO: Checking for coin announcements every 3 seconds (in a separate thread)
2021-12-25 20:32:22,590 INFO: Kucoin announcements enabled, look for new Kucoin coins...
2021-12-25 20:32:22,898 INFO: Checking for coin announcements every 3 seconds (in a separate thread)
2021-12-25 20:32:26,531 INFO: Kucoin announcements enabled, look for new Kucoin coins...
2021-12-25 20:32:26,833 INFO: Checking for coin announcements every 3 seconds (in a separate thread)
2021-12-25 20:32:30,593 INFO: Kucoin announcements enabled, look for new Kucoin coins...
2021-12-25 20:32:30,907 INFO: Checking for coin announcements every 3 seconds (in a separate thread)
2021-12-25 20:32:34,646 INFO: Kucoin announcements enabled, look for new Kucoin coins...
2021-12-25 20:32:34,939 INFO: Checking for coin announcements every 3 seconds (in a separate thread)
2021-12-25 20:32:38,882 INFO: Kucoin announcements enabled, look for new Kucoin coins...
2021-12-25 20:32:39,230 INFO: Checking for coin announcements every 3 seconds (in a separate thread)
2021-12-25 20:32:42,863 INFO: Kucoin announcements enabled, look for new Kucoin coins...
2021-12-25 20:32:43,156 INFO: Checking for coin announcements every 3 seconds (in a separate thread)
2021-12-25 20:32:46,783 INFO: Kucoin announcements enabled, look for new Kucoin coins...
2021-12-25 20:32:47,073 INFO: Checking for coin announcements every 3 seconds (in a separate thread)
2021-12-25 20:32:50,866 INFO: Kucoin announcements enabled, look for new Kucoin coins...
2021-12-25 20:32:51,184 INFO: Checking for coin announcements every 3 seconds (in a separate thread)
2021-12-25 20:32:54,874 INFO: Kucoin announcements enabled, look for new Kucoin coins...
2021-12-25 20:32:55,179 INFO: Checking for coin announcements every 3 seconds (in a separate thread)
2021-12-25 20:32:59,466 INFO: Kucoin announcements enabled, look for new Kucoin coins...
2021-12-25 20:32:59,759 INFO: Checking for coin announcements every 3 seconds (in a separate thread)
2021-12-25 20:33:03,765 INFO: Kucoin announcements enabled, look for new Kucoin coins...
2021-12-25 20:33:04,057 INFO: Checking for coin announcements every 3 seconds (in a separate thread)
2021-12-25 20:33:08,087 INFO: Kucoin announcements enabled, look for new Kucoin coins...
2021-12-25 20:33:08,448 INFO: Checking for coin announcements every 3 seconds (in a separate thread)
2021-12-25 20:33:12,068 INFO: Kucoin announcements enabled, look for new Kucoin coins...
2021-12-25 20:33:12,360 INFO: Checking for coin announcements every 3 seconds (in a separate thread)
2021-12-25 20:33:15,993 INFO: Kucoin announcements enabled, look for new Kucoin coins...
2021-12-25 20:33:16,296 INFO: Checking for coin announcements every 3 seconds (in a separate thread)
2021-12-25 20:33:19,986 INFO: Kucoin announcements enabled, look for new Kucoin coins...
2021-12-25 20:33:20,281 INFO: Checking for coin announcements every 3 seconds (in a separate thread)
2021-12-25 20:33:24,599 INFO: Kucoin announcements enabled, look for new Kucoin coins...
2021-12-25 20:33:24,880 INFO: Checking for coin announcements every 3 seconds (in a separate thread)
2021-12-25 20:33:28,654 INFO: Kucoin announcements enabled, look for new Kucoin coins...
2021-12-25 20:33:28,939 INFO: Checking for coin announcements every 3 seconds (in a separate thread)
2021-12-25 20:33:32,697 INFO: Kucoin announcements enabled, look for new Kucoin coins...
2021-12-25 20:33:32,990 INFO: Checking for coin announcements every 3 seconds (in a separate thread)
2021-12-25 20:33:36,948 INFO: Kucoin announcements enabled, look for new Kucoin coins...
2021-12-25 20:33:37,254 INFO: Checking for coin announcements every 3 seconds (in a separate thread)
2021-12-25 20:33:40,868 INFO: Kucoin announcements enabled, look for new Kucoin coins...
2021-12-25 20:33:41,180 INFO: Checking for coin announcements every 3 seconds (in a separate thread)
2021-12-25 20:33:44,972 INFO: Kucoin announcements enabled, look for new Kucoin coins...
2021-12-25 20:33:45,273 INFO: Checking for coin announcements every 3 seconds (in a separate thread)
2021-12-25 20:33:48,898 INFO: Kucoin announcements enabled, look for new Kucoin coins...
2021-12-25 20:33:49,213 INFO: Checking for coin announcements every 3 seconds (in a separate thread)
2021-12-25 20:33:52,838 INFO: Kucoin announcements enabled, look for new Kucoin coins...
2021-12-25 20:33:53,149 INFO: Checking for coin announcements every 3 seconds (in a separate thread)
2021-12-25 20:33:56,913 INFO: Kucoin announcements enabled, look for new Kucoin coins...
2021-12-25 20:33:57,259 INFO: Checking for coin announcements every 3 seconds (in a separate thread)
2021-12-25 20:34:00,878 INFO: Kucoin announcements enabled, look for new Kucoin coins...
2021-12-25 20:34:01,526 INFO: Checking for coin announcements every 3 seconds (in a separate thread)
2021-12-25 20:34:05,207 INFO: Kucoin announcements enabled, look for new Kucoin coins...
2021-12-25 20:34:06,131 INFO: Checking for coin announcements every 3 seconds (in a separate thread)
2021-12-25 20:34:09,816 INFO: Kucoin announcements enabled, look for new Kucoin coins...
2021-12-25 20:34:10,100 INFO: Checking for coin announcements every 3 seconds (in a separate thread)
2021-12-25 20:34:14,116 INFO: Kucoin announcements enabled, look for new Kucoin coins...
2021-12-25 20:34:14,736 INFO: Checking for coin announcements every 3 seconds (in a separate thread)
2021-12-25 20:34:18,622 INFO: Kucoin announcements enabled, look for new Kucoin coins...
2021-12-25 20:34:18,917 INFO: Checking for coin announcements every 3 seconds (in a separate thread)
2021-12-25 20:34:22,556 INFO: Kucoin announcements enabled, look for new Kucoin coins...
2021-12-25 20:34:22,848 INFO: Checking for coin announcements every 3 seconds (in a separate thread)
2021-12-25 20:34:26,759 INFO: Kucoin announcements enabled, look for new Kucoin coins...
2021-12-25 20:34:27,060 INFO: Checking for coin announcements every 3 seconds (in a separate thread)
2021-12-25 20:34:30,758 INFO: Kucoin announcements enabled, look for new Kucoin coins...
2021-12-25 20:34:31,035 INFO: Checking for coin announcements every 3 seconds (in a separate thread)
2021-12-25 20:34:34,658 INFO: Kucoin announcements enabled, look for new Kucoin coins...
2021-12-25 20:34:34,955 INFO: Checking for coin announcements every 3 seconds (in a separate thread)
2021-12-25 20:34:39,307 INFO: Kucoin announcements enabled, look for new Kucoin coins...
2021-12-25 20:34:39,615 INFO: Checking for coin announcements every 3 seconds (in a separate thread)
2021-12-25 20:34:43,346 INFO: Kucoin announcements enabled, look for new Kucoin coins...
2021-12-25 20:34:44,113 INFO: Checking for coin announcements every 3 seconds (in a separate thread)
2021-12-25 20:34:48,072 INFO: Kucoin announcements enabled, look for new Kucoin coins...
2021-12-25 20:34:48,371 INFO: Checking for coin announcements every 3 seconds (in a separate thread)
2021-12-25 20:34:52,253 INFO: Kucoin announcements enabled, look for new Kucoin coins...
2021-12-25 20:34:52,584 INFO: Checking for coin announcements every 3 seconds (in a separate thread)
2021-12-25 20:34:56,509 INFO: Kucoin announcements enabled, look for new Kucoin coins...
2021-12-25 20:34:56,815 INFO: Checking for coin announcements every 3 seconds (in a separate thread)
2021-12-25 20:35:00,504 INFO: Kucoin announcements enabled, look for new Kucoin coins...
2021-12-25 20:35:00,787 INFO: Checking for coin announcements every 3 seconds (in a separate thread)
2021-12-25 20:35:04,808 INFO: Kucoin announcements enabled, look for new Kucoin coins...
2021-12-25 20:35:05,080 INFO: Checking for coin announcements every 3 seconds (in a separate thread)
2021-12-25 20:35:09,105 INFO: Kucoin announcements enabled, look for new Kucoin coins...
2021-12-25 20:35:09,413 INFO: Checking for coin announcements every 3 seconds (in a separate thread)
2021-12-25 20:35:13,029 INFO: Kucoin announcements enabled, look for new Kucoin coins...
2021-12-25 20:35:13,325 INFO: Checking for coin announcements every 3 seconds (in a separate thread)
2021-12-25 20:35:17,400 INFO: Kucoin announcements enabled, look for new Kucoin coins...
2021-12-25 20:35:17,701 INFO: Checking for coin announcements every 3 seconds (in a separate thread)
2021-12-25 20:35:21,446 INFO: Kucoin announcements enabled, look for new Kucoin coins...
2021-12-25 20:35:22,325 INFO: Checking for coin announcements every 3 seconds (in a separate thread)
2021-12-25 20:35:25,946 INFO: Kucoin announcements enabled, look for new Kucoin coins...
2021-12-25 20:35:26,252 INFO: Checking for coin announcements every 3 seconds (in a separate thread)
2021-12-25 20:35:30,057 INFO: Kucoin announcements enabled, look for new Kucoin coins...
2021-12-25 20:35:30,612 INFO: Checking for coin announcements every 3 seconds (in a separate thread)
2021-12-25 20:35:34,297 INFO: Kucoin announcements enabled, look for new Kucoin coins...
2021-12-25 20:35:34,597 INFO: Checking for coin announcements every 3 seconds (in a separate thread)
2021-12-25 20:35:38,510 INFO: Kucoin announcements enabled, look for new Kucoin coins...
2021-12-25 20:35:38,806 INFO: Checking for coin announcements every 3 seconds (in a separate thread)
2021-12-25 20:35:39,564 INFO: Getting the list of supported currencies from gate io
2021-12-25 20:35:41,264 INFO: List of gate io currencies saved to currencies.json. Waiting 5 minutes before refreshing list...
2021-12-25 20:35:42,426 INFO: Kucoin announcements enabled, look for new Kucoin coins...
2021-12-25 20:35:42,726 INFO: Checking for coin announcements every 3 seconds (in a separate thread)
2021-12-25 20:35:46,334 INFO: Kucoin announcements enabled, look for new Kucoin coins...
2021-12-25 20:35:46,659 INFO: Checking for coin announcements every 3 seconds (in a separate thread)
2021-12-25 20:35:50,392 INFO: Kucoin announcements enabled, look for new Kucoin coins...
2021-12-25 20:35:50,691 INFO: Checking for coin announcements every 3 seconds (in a separate thread)
2021-12-25 20:35:54,951 INFO: Kucoin announcements enabled, look for new Kucoin coins...
2021-12-25 20:35:55,241 INFO: Checking for coin announcements every 3 seconds (in a separate thread)
2021-12-25 20:35:59,189 INFO: Kucoin announcements enabled, look for new Kucoin coins...
2021-12-25 20:35:59,699 INFO: Checking for coin announcements every 3 seconds (in a separate thread)
2021-12-25 20:36:03,323 INFO: Kucoin announcements enabled, look for new Kucoin coins...
2021-12-25 20:36:03,667 INFO: Checking for coin announcements every 3 seconds (in a separate thread)
2021-12-25 20:36:07,474 INFO: Kucoin announcements enabled, look for new Kucoin coins...
2021-12-25 20:36:07,777 INFO: Checking for coin announcements every 3 seconds (in a separate thread)
2021-12-25 20:36:11,389 INFO: Kucoin announcements enabled, look for new Kucoin coins...
2021-12-25 20:36:11,685 INFO: Checking for coin announcements every 3 seconds (in a separate thread)
2021-12-25 20:36:15,502 INFO: Kucoin announcements enabled, look for new Kucoin coins...
2021-12-25 20:36:16,003 INFO: Checking for coin announcements every 3 seconds (in a separate thread)
2021-12-25 20:36:19,639 INFO: Kucoin announcements enabled, look for new Kucoin coins...
2021-12-25 20:36:19,958 INFO: Checking for coin announcements every 3 seconds (in a separate thread)
2021-12-25 20:36:23,586 INFO: Kucoin announcements enabled, look for new Kucoin coins...
2021-12-25 20:36:24,372 INFO: Checking for coin announcements every 3 seconds (in a separate thread)
2021-12-25 20:36:28,081 INFO: Kucoin announcements enabled, look for new Kucoin coins...
2021-12-25 20:36:28,384 INFO: Checking for coin announcements every 3 seconds (in a separate thread)
2021-12-25 20:36:32,374 INFO: Kucoin announcements enabled, look for new Kucoin coins...
2021-12-25 20:36:32,666 INFO: Checking for coin announcements every 3 seconds (in a separate thread)
2021-12-25 20:36:36,968 INFO: Kucoin announcements enabled, look for new Kucoin coins...
2021-12-25 20:36:37,591 INFO: Checking for coin announcements every 3 seconds (in a separate thread)
2021-12-25 20:36:41,274 INFO: Kucoin announcements enabled, look for new Kucoin coins...
2021-12-25 20:36:41,592 INFO: Checking for coin announcements every 3 seconds (in a separate thread)
2021-12-25 20:36:45,366 INFO: Kucoin announcements enabled, look for new Kucoin coins...
2021-12-25 20:36:45,664 INFO: Checking for coin announcements every 3 seconds (in a separate thread)
2021-12-25 20:36:49,561 INFO: Kucoin announcements enabled, look for new Kucoin coins...
2021-12-25 20:36:49,870 INFO: Checking for coin announcements every 3 seconds (in a separate thread)
2021-12-25 20:36:53,624 INFO: Kucoin announcements enabled, look for new Kucoin coins...
2021-12-25 20:36:53,933 INFO: Checking for coin announcements every 3 seconds (in a separate thread)
2021-12-25 20:36:57,864 INFO: Kucoin announcements enabled, look for new Kucoin coins...
2021-12-25 20:36:58,167 INFO: Checking for coin announcements every 3 seconds (in a separate thread)
2021-12-25 20:37:02,157 INFO: Kucoin announcements enabled, look for new Kucoin coins...
2021-12-25 20:37:02,774 INFO: Checking for coin announcements every 3 seconds (in a separate thread)
2021-12-25 20:37:06,458 INFO: Kucoin announcements enabled, look for new Kucoin coins...
2021-12-25 20:37:06,762 INFO: Checking for coin announcements every 3 seconds (in a separate thread)
2021-12-25 20:37:10,495 INFO: Kucoin announcements enabled, look for new Kucoin coins...
2021-12-25 20:37:10,795 INFO: Checking for coin announcements every 3 seconds (in a separate thread)
2021-12-25 20:37:14,752 INFO: Kucoin announcements enabled, look for new Kucoin coins...
2021-12-25 20:37:15,058 INFO: Checking for coin announcements every 3 seconds (in a separate thread)
2021-12-25 20:37:18,967 INFO: Kucoin announcements enabled, look for new Kucoin coins...
2021-12-25 20:37:19,322 INFO: Checking for coin announcements every 3 seconds (in a separate thread)
2021-12-25 20:37:23,354 INFO: Kucoin announcements enabled, look for new Kucoin coins...
2021-12-25 20:37:23,690 INFO: Checking for coin announcements every 3 seconds (in a separate thread)
2021-12-25 20:37:27,698 INFO: Kucoin announcements enabled, look for new Kucoin coins...
2021-12-25 20:37:28,018 INFO: Checking for coin announcements every 3 seconds (in a separate thread)
2021-12-25 20:37:31,958 INFO: Kucoin announcements enabled, look for new Kucoin coins...
2021-12-25 20:37:32,262 INFO: Checking for coin announcements every 3 seconds (in a separate thread)
2021-12-25 20:37:35,959 INFO: Kucoin announcements enabled, look for new Kucoin coins...
2021-12-25 20:37:36,261 INFO: Checking for coin announcements every 3 seconds (in a separate thread)
2021-12-25 20:37:40,024 INFO: Kucoin announcements enabled, look for new Kucoin coins...
2021-12-25 20:37:40,362 INFO: Checking for coin announcements every 3 seconds (in a separate thread)
2021-12-25 20:37:44,017 INFO: Kucoin announcements enabled, look for new Kucoin coins...
2021-12-25 20:37:44,309 INFO: Checking for coin announcements every 3 seconds (in a separate thread)
2021-12-25 20:37:48,238 INFO: Kucoin announcements enabled, look for new Kucoin coins...
2021-12-25 20:37:48,872 INFO: Checking for coin announcements every 3 seconds (in a separate thread)
2021-12-25 20:37:52,857 INFO: Kucoin announcements enabled, look for new Kucoin coins...
2021-12-25 20:37:53,187 INFO: Checking for coin announcements every 3 seconds (in a separate thread)
2021-12-25 20:37:57,152 INFO: Kucoin announcements enabled, look for new Kucoin coins...
2021-12-25 20:37:57,446 INFO: Checking for coin announcements every 3 seconds (in a separate thread)
2021-12-25 20:38:01,067 INFO: Kucoin announcements enabled, look for new Kucoin coins...
2021-12-25 20:38:01,381 INFO: Checking for coin announcements every 3 seconds (in a separate thread)
2021-12-25 20:38:05,007 INFO: Kucoin announcements enabled, look for new Kucoin coins...
2021-12-25 20:38:05,450 INFO: Checking for coin announcements every 3 seconds (in a separate thread)
2021-12-25 20:38:09,160 INFO: Kucoin announcements enabled, look for new Kucoin coins...
2021-12-25 20:38:09,477 INFO: Checking for coin announcements every 3 seconds (in a separate thread)
2021-12-25 20:38:13,736 INFO: Kucoin announcements enabled, look for new Kucoin coins...
2021-12-25 20:38:14,040 INFO: Checking for coin announcements every 3 seconds (in a separate thread)
2021-12-25 20:38:17,729 INFO: Kucoin announcements enabled, look for new Kucoin coins...
2021-12-25 20:38:18,027 INFO: Checking for coin announcements every 3 seconds (in a separate thread)
2021-12-25 20:38:21,641 INFO: Kucoin announcements enabled, look for new Kucoin coins...
2021-12-25 20:38:21,939 INFO: Checking for coin announcements every 3 seconds (in a separate thread)
2021-12-25 20:38:25,879 INFO: Kucoin announcements enabled, look for new Kucoin coins...
2021-12-25 20:38:26,194 INFO: Checking for coin announcements every 3 seconds (in a separate thread)
2021-12-25 20:38:29,870 INFO: Kucoin announcements enabled, look for new Kucoin coins...
2021-12-25 20:38:30,512 INFO: Checking for coin announcements every 3 seconds (in a separate thread)
2021-12-25 20:38:34,562 INFO: Kucoin announcements enabled, look for new Kucoin coins...
2021-12-25 20:38:34,841 INFO: Checking for coin announcements every 3 seconds (in a separate thread)
2021-12-25 20:38:38,650 INFO: Kucoin announcements enabled, look for new Kucoin coins...
2021-12-25 20:38:38,944 INFO: Checking for coin announcements every 3 seconds (in a separate thread)
2021-12-25 20:38:42,819 INFO: Kucoin announcements enabled, look for new Kucoin coins...
2021-12-25 20:38:43,465 INFO: Checking for coin announcements every 3 seconds (in a separate thread)
2021-12-25 20:38:47,219 INFO: Kucoin announcements enabled, look for new Kucoin coins...
2021-12-25 20:38:47,866 INFO: Checking for coin announcements every 3 seconds (in a separate thread)
2021-12-25 20:38:51,743 INFO: Kucoin announcements enabled, look for new Kucoin coins...
2021-12-25 20:38:52,048 INFO: Checking for coin announcements every 3 seconds (in a separate thread)
2021-12-25 20:38:55,761 INFO: Kucoin announcements enabled, look for new Kucoin coins...
2021-12-25 20:38:56,044 INFO: Checking for coin announcements every 3 seconds (in a separate thread)
2021-12-25 20:38:59,654 INFO: Kucoin announcements enabled, look for new Kucoin coins...
2021-12-25 20:38:59,957 INFO: Checking for coin announcements every 3 seconds (in a separate thread)
2021-12-25 20:39:04,123 INFO: Kucoin announcements enabled, look for new Kucoin coins...
2021-12-25 20:39:05,049 INFO: Checking for coin announcements every 3 seconds (in a separate thread)
2021-12-25 20:39:08,734 INFO: Kucoin announcements enabled, look for new Kucoin coins...
2021-12-25 20:39:09,079 INFO: Checking for coin announcements every 3 seconds (in a separate thread)
2021-12-25 20:39:13,026 INFO: Kucoin announcements enabled, look for new Kucoin coins...
2021-12-25 20:39:13,335 INFO: Checking for coin announcements every 3 seconds (in a separate thread)
2021-12-25 20:39:16,962 INFO: Kucoin announcements enabled, look for new Kucoin coins...
2021-12-25 20:39:17,267 INFO: Checking for coin announcements every 3 seconds (in a separate thread)
2021-12-25 20:39:20,885 INFO: Kucoin announcements enabled, look for new Kucoin coins...
2021-12-25 20:39:21,191 INFO: Checking for coin announcements every 3 seconds (in a separate thread)
2021-12-25 20:39:24,829 INFO: Kucoin announcements enabled, look for new Kucoin coins...
2021-12-25 20:39:25,137 INFO: Checking for coin announcements every 3 seconds (in a separate thread)
2021-12-25 20:39:29,308 INFO: Kucoin announcements enabled, look for new Kucoin coins...
2021-12-25 20:39:29,626 INFO: Checking for coin announcements every 3 seconds (in a separate thread)
2021-12-25 20:39:33,349 INFO: Kucoin announcements enabled, look for new Kucoin coins...
2021-12-25 20:39:33,660 INFO: Checking for coin announcements every 3 seconds (in a separate thread)
2021-12-25 20:39:37,594 INFO: Kucoin announcements enabled, look for new Kucoin coins...
2021-12-25 20:39:37,887 INFO: Checking for coin announcements every 3 seconds (in a separate thread)
2021-12-25 20:39:41,954 INFO: Kucoin announcements enabled, look for new Kucoin coins...
2021-12-25 20:39:42,249 INFO: Checking for coin announcements every 3 seconds (in a separate thread)
2021-12-25 20:39:45,901 INFO: Kucoin announcements enabled, look for new Kucoin coins...
2021-12-25 20:39:46,220 INFO: Checking for coin announcements every 3 seconds (in a separate thread)
2021-12-25 20:39:49,846 INFO: Kucoin announcements enabled, look for new Kucoin coins...
2021-12-25 20:39:50,128 INFO: Checking for coin announcements every 3 seconds (in a separate thread)
2021-12-25 20:39:53,885 INFO: Kucoin announcements enabled, look for new Kucoin coins...
2021-12-25 20:39:54,203 INFO: Checking for coin announcements every 3 seconds (in a separate thread)
2021-12-25 20:39:57,991 INFO: Kucoin announcements enabled, look for new Kucoin coins...
2021-12-25 20:39:58,801 INFO: Checking for coin announcements every 3 seconds (in a separate thread)
2021-12-25 20:40:02,651 INFO: Kucoin announcements enabled, look for new Kucoin coins...
2021-12-25 20:40:02,945 INFO: Checking for coin announcements every 3 seconds (in a separate thread)
2021-12-25 20:40:06,788 INFO: Kucoin announcements enabled, look for new Kucoin coins...
2021-12-25 20:40:07,408 INFO: Checking for coin announcements every 3 seconds (in a separate thread)
2021-12-25 20:40:11,143 INFO: Kucoin announcements enabled, look for new Kucoin coins...
2021-12-25 20:40:11,432 INFO: Checking for coin announcements every 3 seconds (in a separate thread)
2021-12-25 20:40:15,055 INFO: Kucoin announcements enabled, look for new Kucoin coins...
2021-12-25 20:40:15,364 INFO: Checking for coin announcements every 3 seconds (in a separate thread)
2021-12-25 20:40:19,121 INFO: Kucoin announcements enabled, look for new Kucoin coins...
2021-12-25 20:40:19,424 INFO: Checking for coin announcements every 3 seconds (in a separate thread)
2021-12-25 20:40:23,072 INFO: Kucoin announcements enabled, look for new Kucoin coins...
2021-12-25 20:40:23,369 INFO: Checking for coin announcements every 3 seconds (in a separate thread)
2021-12-25 20:40:27,373 INFO: Kucoin announcements enabled, look for new Kucoin coins...
2021-12-25 20:40:27,660 INFO: Checking for coin announcements every 3 seconds (in a separate thread)
2021-12-25 20:40:31,511 INFO: Kucoin announcements enabled, look for new Kucoin coins...
2021-12-25 20:40:31,772 INFO: Checking for coin announcements every 3 seconds (in a separate thread)
2021-12-25 20:40:35,532 INFO: Kucoin announcements enabled, look for new Kucoin coins...
2021-12-25 20:40:35,830 INFO: Checking for coin announcements every 3 seconds (in a separate thread)
2021-12-25 20:40:40,018 INFO: Kucoin announcements enabled, look for new Kucoin coins...
2021-12-25 20:40:40,318 INFO: Checking for coin announcements every 3 seconds (in a separate thread)
2021-12-25 20:40:42,186 INFO: Getting the list of supported currencies from gate io
2021-12-25 20:40:43,745 INFO: List of gate io currencies saved to currencies.json. Waiting 5 minutes before refreshing list...
2021-12-25 20:40:44,267 INFO: Kucoin announcements enabled, look for new Kucoin coins...
2021-12-25 20:40:44,551 INFO: Checking for coin announcements every 3 seconds (in a separate thread)
2021-12-25 20:40:48,312 INFO: Kucoin announcements enabled, look for new Kucoin coins...
2021-12-25 20:40:48,624 INFO: Checking for coin announcements every 3 seconds (in a separate thread)
2021-12-25 20:40:52,262 INFO: Kucoin announcements enabled, look for new Kucoin coins...
2021-12-25 20:40:52,548 INFO: Checking for coin announcements every 3 seconds (in a separate thread)
2021-12-25 20:40:56,166 INFO: Kucoin announcements enabled, look for new Kucoin coins...
2021-12-25 20:40:56,471 INFO: Checking for coin announcements every 3 seconds (in a separate thread)
2021-12-25 20:41:00,216 INFO: Kucoin announcements enabled, look for new Kucoin coins...
2021-12-25 20:41:00,524 INFO: Checking for coin announcements every 3 seconds (in a separate thread)
2021-12-25 20:41:04,361 INFO: Kucoin announcements enabled, look for new Kucoin coins...
2021-12-25 20:41:05,010 INFO: Checking for coin announcements every 3 seconds (in a separate thread)
2021-12-25 20:41:09,148 INFO: Kucoin announcements enabled, look for new Kucoin coins...
2021-12-25 20:41:10,081 INFO: Checking for coin announcements every 3 seconds (in a separate thread)
2021-12-25 20:41:14,062 INFO: Kucoin announcements enabled, look for new Kucoin coins...
2021-12-25 20:41:14,364 INFO: Checking for coin announcements every 3 seconds (in a separate thread)
2021-12-25 20:41:18,069 INFO: Kucoin announcements enabled, look for new Kucoin coins...
2021-12-25 20:41:18,385 INFO: Checking for coin announcements every 3 seconds (in a separate thread)
2021-12-25 20:41:22,365 INFO: Kucoin announcements enabled, look for new Kucoin coins...
2021-12-25 20:41:22,670 INFO: Checking for coin announcements every 3 seconds (in a separate thread)
2021-12-25 20:41:26,306 INFO: Kucoin announcements enabled, look for new Kucoin coins...
2021-12-25 20:41:26,615 INFO: Checking for coin announcements every 3 seconds (in a separate thread)
2021-12-25 20:41:30,323 INFO: Kucoin announcements enabled, look for new Kucoin coins...
2021-12-25 20:41:31,275 INFO: Checking for coin announcements every 3 seconds (in a separate thread)
2021-12-25 20:41:35,000 INFO: Kucoin announcements enabled, look for new Kucoin coins...
2021-12-25 20:41:35,297 INFO: Checking for coin announcements every 3 seconds (in a separate thread)
2021-12-25 20:41:39,258 INFO: Kucoin announcements enabled, look for new Kucoin coins...
2021-12-25 20:41:39,546 INFO: Checking for coin announcements every 3 seconds (in a separate thread)
2021-12-25 20:41:43,307 INFO: Kucoin announcements enabled, look for new Kucoin coins...
2021-12-25 20:41:43,870 INFO: Checking for coin announcements every 3 seconds (in a separate thread)
2021-12-25 20:41:47,865 INFO: Kucoin announcements enabled, look for new Kucoin coins...
2021-12-25 20:41:48,154 INFO: Checking for coin announcements every 3 seconds (in a separate thread)
2021-12-25 20:41:51,849 INFO: Kucoin announcements enabled, look for new Kucoin coins...
2021-12-25 20:41:52,164 INFO: Checking for coin announcements every 3 seconds (in a separate thread)
2021-12-25 20:41:55,791 INFO: Kucoin announcements enabled, look for new Kucoin coins...
2021-12-25 20:41:56,093 INFO: Checking for coin announcements every 3 seconds (in a separate thread)
2021-12-25 20:41:59,942 INFO: Kucoin announcements enabled, look for new Kucoin coins...
2021-12-25 20:42:00,258 INFO: Checking for coin announcements every 3 seconds (in a separate thread)
2021-12-25 20:42:04,450 INFO: Kucoin announcements enabled, look for new Kucoin coins...
2021-12-25 20:42:04,759 INFO: Checking for coin announcements every 3 seconds (in a separate thread)
2021-12-25 20:42:08,750 INFO: Kucoin announcements enabled, look for new Kucoin coins...
2021-12-25 20:42:09,379 INFO: Checking for coin announcements every 3 seconds (in a separate thread)
2021-12-25 20:42:13,099 INFO: Kucoin announcements enabled, look for new Kucoin coins...
2021-12-25 20:42:13,394 INFO: Checking for coin announcements every 3 seconds (in a separate thread)
2021-12-25 20:42:17,353 INFO: Kucoin announcements enabled, look for new Kucoin coins...
2021-12-25 20:42:17,664 INFO: Checking for coin announcements every 3 seconds (in a separate thread)
2021-12-25 20:42:21,278 INFO: Kucoin announcements enabled, look for new Kucoin coins...
2021-12-25 20:42:21,582 INFO: Checking for coin announcements every 3 seconds (in a separate thread)
2021-12-25 20:42:25,340 INFO: Kucoin announcements enabled, look for new Kucoin coins...
2021-12-25 20:42:25,703 INFO: Checking for coin announcements every 3 seconds (in a separate thread)
2021-12-25 20:42:29,398 INFO: Kucoin announcements enabled, look for new Kucoin coins...
2021-12-25 20:42:30,071 INFO: Checking for coin announcements every 3 seconds (in a separate thread)
2021-12-25 20:42:34,252 INFO: Kucoin announcements enabled, look for new Kucoin coins...
2021-12-25 20:42:34,542 INFO: Checking for coin announcements every 3 seconds (in a separate thread)
2021-12-25 20:42:38,168 INFO: Kucoin announcements enabled, look for new Kucoin coins...
2021-12-25 20:42:38,477 INFO: Checking for coin announcements every 3 seconds (in a separate thread)
2021-12-25 20:42:42,088 INFO: Kucoin announcements enabled, look for new Kucoin coins...
2021-12-25 20:42:42,382 INFO: Checking for coin announcements every 3 seconds (in a separate thread)
2021-12-25 20:42:46,372 INFO: Kucoin announcements enabled, look for new Kucoin coins...
2021-12-25 20:42:46,693 INFO: Checking for coin announcements every 3 seconds (in a separate thread)
2021-12-25 20:42:50,576 INFO: Kucoin announcements enabled, look for new Kucoin coins...
2021-12-25 20:42:50,879 INFO: Checking for coin announcements every 3 seconds (in a separate thread)
2021-12-25 20:42:54,648 INFO: Kucoin announcements enabled, look for new Kucoin coins...
2021-12-25 20:42:54,936 INFO: Checking for coin announcements every 3 seconds (in a separate thread)
2021-12-25 20:42:58,824 INFO: Kucoin announcements enabled, look for new Kucoin coins...
2021-12-25 20:42:59,156 INFO: Checking for coin announcements every 3 seconds (in a separate thread)
2021-12-25 20:43:02,817 INFO: Kucoin announcements enabled, look for new Kucoin coins...
2021-12-25 20:43:03,435 INFO: Checking for coin announcements every 3 seconds (in a separate thread)
2021-12-25 20:43:07,120 INFO: Kucoin announcements enabled, look for new Kucoin coins...
2021-12-25 20:43:07,419 INFO: Checking for coin announcements every 3 seconds (in a separate thread)
2021-12-25 20:43:11,113 INFO: Kucoin announcements enabled, look for new Kucoin coins...
2021-12-25 20:43:11,402 INFO: Checking for coin announcements every 3 seconds (in a separate thread)
2021-12-25 20:43:15,107 INFO: Kucoin announcements enabled, look for new Kucoin coins...
2021-12-25 20:43:15,405 INFO: Checking for coin announcements every 3 seconds (in a separate thread)
2021-12-25 20:43:19,038 INFO: Kucoin announcements enabled, look for new Kucoin coins...
2021-12-25 20:43:19,716 INFO: Checking for coin announcements every 3 seconds (in a separate thread)
2021-12-25 20:43:23,714 INFO: Kucoin announcements enabled, look for new Kucoin coins...
2021-12-25 20:43:24,020 INFO: Checking for coin announcements every 3 seconds (in a separate thread)
2021-12-25 20:43:27,758 INFO: Kucoin announcements enabled, look for new Kucoin coins...
2021-12-25 20:43:28,057 INFO: Checking for coin announcements every 3 seconds (in a separate thread)
2021-12-25 20:43:31,675 INFO: Kucoin announcements enabled, look for new Kucoin coins...
2021-12-25 20:43:31,968 INFO: Checking for coin announcements every 3 seconds (in a separate thread)
2021-12-25 20:43:35,731 INFO: Kucoin announcements enabled, look for new Kucoin coins...
2021-12-25 20:43:36,011 INFO: Checking for coin announcements every 3 seconds (in a separate thread)
2021-12-25 20:43:39,740 INFO: Kucoin announcements enabled, look for new Kucoin coins...
2021-12-25 20:43:40,041 INFO: Checking for coin announcements every 3 seconds (in a separate thread)
2021-12-25 20:43:43,676 INFO: Kucoin announcements enabled, look for new Kucoin coins...
2021-12-25 20:43:43,988 INFO: Checking for coin announcements every 3 seconds (in a separate thread)
2021-12-25 20:43:47,615 INFO: Kucoin announcements enabled, look for new Kucoin coins...
2021-12-25 20:43:47,958 INFO: Checking for coin announcements every 3 seconds (in a separate thread)
2021-12-25 20:43:51,575 INFO: Kucoin announcements enabled, look for new Kucoin coins...
2021-12-25 20:43:51,878 INFO: Checking for coin announcements every 3 seconds (in a separate thread)
2021-12-25 20:43:55,657 INFO: Kucoin announcements enabled, look for new Kucoin coins...
2021-12-25 20:43:55,956 INFO: Checking for coin announcements every 3 seconds (in a separate thread)
2021-12-25 20:43:59,567 INFO: Kucoin announcements enabled, look for new Kucoin coins...
2021-12-25 20:43:59,877 INFO: Checking for coin announcements every 3 seconds (in a separate thread)
2021-12-25 20:44:03,493 INFO: Kucoin announcements enabled, look for new Kucoin coins...
2021-12-25 20:44:03,809 INFO: Checking for coin announcements every 3 seconds (in a separate thread)
2021-12-25 20:44:07,429 INFO: Kucoin announcements enabled, look for new Kucoin coins...
2021-12-25 20:44:07,741 INFO: Checking for coin announcements every 3 seconds (in a separate thread)
2021-12-25 20:44:11,365 INFO: Kucoin announcements enabled, look for new Kucoin coins...
2021-12-25 20:44:11,671 INFO: Checking for coin announcements every 3 seconds (in a separate thread)
2021-12-25 20:44:15,284 INFO: Kucoin announcements enabled, look for new Kucoin coins...
2021-12-25 20:44:15,584 INFO: Checking for coin announcements every 3 seconds (in a separate thread)
2021-12-25 20:44:19,222 INFO: Kucoin announcements enabled, look for new Kucoin coins...
2021-12-25 20:44:19,545 INFO: Checking for coin announcements every 3 seconds (in a separate thread)
2021-12-25 20:44:23,193 INFO: Kucoin announcements enabled, look for new Kucoin coins...
2021-12-25 20:44:23,496 INFO: Checking for coin announcements every 3 seconds (in a separate thread)
2021-12-25 20:44:27,119 INFO: Kucoin announcements enabled, look for new Kucoin coins...
2021-12-25 20:44:27,400 INFO: Checking for coin announcements every 3 seconds (in a separate thread)
2021-12-25 20:44:31,011 INFO: Kucoin announcements enabled, look for new Kucoin coins...
2021-12-25 20:44:31,322 INFO: Checking for coin announcements every 3 seconds (in a separate thread)
2021-12-25 20:44:34,978 INFO: Kucoin announcements enabled, look for new Kucoin coins...
2021-12-25 20:44:35,267 INFO: Checking for coin announcements every 3 seconds (in a separate thread)
2021-12-25 20:44:39,046 INFO: Kucoin announcements enabled, look for new Kucoin coins...
2021-12-25 20:44:39,684 INFO: Checking for coin announcements every 3 seconds (in a separate thread)
2021-12-25 20:44:43,583 INFO: Kucoin announcements enabled, look for new Kucoin coins...
2021-12-25 20:44:43,873 INFO: Checking for coin announcements every 3 seconds (in a separate thread)
2021-12-25 20:44:47,685 INFO: Kucoin announcements enabled, look for new Kucoin coins...
2021-12-25 20:44:48,046 INFO: Checking for coin announcements every 3 seconds (in a separate thread)
2021-12-25 20:44:51,668 INFO: Kucoin announcements enabled, look for new Kucoin coins...
2021-12-25 20:44:51,948 INFO: Checking for coin announcements every 3 seconds (in a separate thread)
2021-12-25 20:44:55,561 INFO: Kucoin announcements enabled, look for new Kucoin coins...
2021-12-25 20:44:55,874 INFO: Checking for coin announcements every 3 seconds (in a separate thread)
2021-12-25 20:44:59,530 INFO: Kucoin announcements enabled, look for new Kucoin coins...
2021-12-25 20:45:00,488 INFO: Checking for coin announcements every 3 seconds (in a separate thread)
2021-12-25 20:45:04,112 INFO: Kucoin announcements enabled, look for new Kucoin coins...
2021-12-25 20:45:04,419 INFO: Checking for coin announcements every 3 seconds (in a separate thread)
2021-12-25 20:45:08,035 INFO: Kucoin announcements enabled, look for new Kucoin coins...
2021-12-25 20:45:08,347 INFO: Checking for coin announcements every 3 seconds (in a separate thread)
2021-12-25 20:45:12,150 INFO: Kucoin announcements enabled, look for new Kucoin coins...
2021-12-25 20:45:12,468 INFO: Checking for coin announcements every 3 seconds (in a separate thread)
2021-12-25 20:45:16,143 INFO: Kucoin announcements enabled, look for new Kucoin coins...
2021-12-25 20:45:16,458 INFO: Checking for coin announcements every 3 seconds (in a separate thread)
2021-12-25 20:45:20,076 INFO: Kucoin announcements enabled, look for new Kucoin coins...
2021-12-25 20:45:20,823 INFO: Checking for coin announcements every 3 seconds (in a separate thread)
2021-12-25 20:45:24,458 INFO: Kucoin announcements enabled, look for new Kucoin coins...
2021-12-25 20:45:24,773 INFO: Checking for coin announcements every 3 seconds (in a separate thread)
2021-12-25 20:45:28,390 INFO: Kucoin announcements enabled, look for new Kucoin coins...
2021-12-25 20:45:28,716 INFO: Checking for coin announcements every 3 seconds (in a separate thread)
2021-12-25 20:45:32,338 INFO: Kucoin announcements enabled, look for new Kucoin coins...
2021-12-25 20:45:32,639 INFO: Checking for coin announcements every 3 seconds (in a separate thread)
2021-12-25 20:45:36,419 INFO: Kucoin announcements enabled, look for new Kucoin coins...
2021-12-25 20:45:37,370 INFO: Checking for coin announcements every 3 seconds (in a separate thread)
2021-12-25 20:45:41,334 INFO: Kucoin announcements enabled, look for new Kucoin coins...
2021-12-25 20:45:41,642 INFO: Checking for coin announcements every 3 seconds (in a separate thread)
2021-12-25 20:45:44,560 INFO: Getting the list of supported currencies from gate io
2021-12-25 20:45:45,254 INFO: Kucoin announcements enabled, look for new Kucoin coins...
2021-12-25 20:45:45,571 INFO: Checking for coin announcements every 3 seconds (in a separate thread)
2021-12-25 20:45:46,191 INFO: List of gate io currencies saved to currencies.json. Waiting 5 minutes before refreshing list...
2021-12-25 20:45:49,180 INFO: Kucoin announcements enabled, look for new Kucoin coins...
2021-12-25 20:45:49,515 INFO: Checking for coin announcements every 3 seconds (in a separate thread)
2021-12-25 20:45:53,315 INFO: Kucoin announcements enabled, look for new Kucoin coins...
2021-12-25 20:45:53,626 INFO: Checking for coin announcements every 3 seconds (in a separate thread)
2021-12-25 20:45:57,413 INFO: Kucoin announcements enabled, look for new Kucoin coins...
2021-12-25 20:45:57,720 INFO: Checking for coin announcements every 3 seconds (in a separate thread)
2021-12-25 20:46:01,609 INFO: Kucoin announcements enabled, look for new Kucoin coins...
2021-12-25 20:46:01,922 INFO: Checking for coin announcements every 3 seconds (in a separate thread)
2021-12-25 20:46:05,635 INFO: Kucoin announcements enabled, look for new Kucoin coins...
2021-12-25 20:46:05,951 INFO: Checking for coin announcements every 3 seconds (in a separate thread)
2021-12-25 20:46:09,579 INFO: Kucoin announcements enabled, look for new Kucoin coins...
2021-12-25 20:46:10,226 INFO: Checking for coin announcements every 3 seconds (in a separate thread)
2021-12-25 20:46:13,902 INFO: Kucoin announcements enabled, look for new Kucoin coins...
2021-12-25 20:46:14,218 INFO: Checking for coin announcements every 3 seconds (in a separate thread)
2021-12-25 20:46:17,933 INFO: Kucoin announcements enabled, look for new Kucoin coins...
2021-12-25 20:46:18,235 INFO: Checking for coin announcements every 3 seconds (in a separate thread)
2021-12-25 20:46:21,902 INFO: Kucoin announcements enabled, look for new Kucoin coins...
2021-12-25 20:46:22,198 INFO: Checking for coin announcements every 3 seconds (in a separate thread)
2021-12-25 20:46:25,878 INFO: Kucoin announcements enabled, look for new Kucoin coins...
2021-12-25 20:46:26,246 INFO: Checking for coin announcements every 3 seconds (in a separate thread)
2021-12-25 20:46:30,164 INFO: Kucoin announcements enabled, look for new Kucoin coins...
2021-12-25 20:46:30,797 INFO: Checking for coin announcements every 3 seconds (in a separate thread)
2021-12-25 20:46:34,607 INFO: Kucoin announcements enabled, look for new Kucoin coins...
2021-12-25 20:46:34,924 INFO: Checking for coin announcements every 3 seconds (in a separate thread)
2021-12-25 20:46:38,784 INFO: Kucoin announcements enabled, look for new Kucoin coins...
2021-12-25 20:46:39,100 INFO: Checking for coin announcements every 3 seconds (in a separate thread)
2021-12-25 20:46:42,731 INFO: Kucoin announcements enabled, look for new Kucoin coins...
2021-12-25 20:46:43,040 INFO: Checking for coin announcements every 3 seconds (in a separate thread)
2021-12-25 20:46:46,648 INFO: Kucoin announcements enabled, look for new Kucoin coins...
2021-12-25 20:46:46,950 INFO: Checking for coin announcements every 3 seconds (in a separate thread)
2021-12-25 20:46:50,571 INFO: Kucoin announcements enabled, look for new Kucoin coins...
2021-12-25 20:46:50,872 INFO: Checking for coin announcements every 3 seconds (in a separate thread)
2021-12-25 20:46:54,756 INFO: Kucoin announcements enabled, look for new Kucoin coins...
2021-12-25 20:46:55,410 INFO: Checking for coin announcements every 3 seconds (in a separate thread)
2021-12-25 20:46:59,104 INFO: Kucoin announcements enabled, look for new Kucoin coins...
2021-12-25 20:46:59,766 INFO: Checking for coin announcements every 3 seconds (in a separate thread)
2021-12-25 20:47:03,408 INFO: Kucoin announcements enabled, look for new Kucoin coins...
2021-12-25 20:47:03,734 INFO: Checking for coin announcements every 3 seconds (in a separate thread)
2021-12-25 20:47:07,397 INFO: Kucoin announcements enabled, look for new Kucoin coins...
2021-12-25 20:47:07,733 INFO: Checking for coin announcements every 3 seconds (in a separate thread)
2021-12-25 20:47:11,351 INFO: Kucoin announcements enabled, look for new Kucoin coins...
2021-12-25 20:47:11,970 INFO: Checking for coin announcements every 3 seconds (in a separate thread)
2021-12-25 20:47:16,262 INFO: Kucoin announcements enabled, look for new Kucoin coins...
2021-12-25 20:47:16,930 INFO: Checking for coin announcements every 3 seconds (in a separate thread)
2021-12-25 20:47:20,681 INFO: Kucoin announcements enabled, look for new Kucoin coins...
2021-12-25 20:47:21,011 INFO: Checking for coin announcements every 3 seconds (in a separate thread)
2021-12-25 20:47:24,641 INFO: Kucoin announcements enabled, look for new Kucoin coins...
2021-12-25 20:47:24,933 INFO: Checking for coin announcements every 3 seconds (in a separate thread)
2021-12-25 20:47:28,857 INFO: Kucoin announcements enabled, look for new Kucoin coins...
2021-12-25 20:47:29,167 INFO: Checking for coin announcements every 3 seconds (in a separate thread)
2021-12-25 20:47:32,785 INFO: Kucoin announcements enabled, look for new Kucoin coins...
2021-12-25 20:47:33,075 INFO: Checking for coin announcements every 3 seconds (in a separate thread)
2021-12-25 20:47:36,702 INFO: Kucoin announcements enabled, look for new Kucoin coins...
2021-12-25 20:47:36,968 INFO: Checking for coin announcements every 3 seconds (in a separate thread)
2021-12-25 20:47:40,677 INFO: Kucoin announcements enabled, look for new Kucoin coins...
2021-12-25 20:47:40,987 INFO: Checking for coin announcements every 3 seconds (in a separate thread)
2021-12-25 20:47:44,601 INFO: Kucoin announcements enabled, look for new Kucoin coins...
2021-12-25 20:47:44,964 INFO: Checking for coin announcements every 3 seconds (in a separate thread)
2021-12-25 20:47:48,585 INFO: Kucoin announcements enabled, look for new Kucoin coins...
2021-12-25 20:47:49,249 INFO: Checking for coin announcements every 3 seconds (in a separate thread)
2021-12-25 20:47:53,741 INFO: Kucoin announcements enabled, look for new Kucoin coins...
2021-12-25 20:47:54,668 INFO: Checking for coin announcements every 3 seconds (in a separate thread)
2021-12-25 20:47:58,655 INFO: Kucoin announcements enabled, look for new Kucoin coins...
2021-12-25 20:47:58,994 INFO: Checking for coin announcements every 3 seconds (in a separate thread)
2021-12-25 20:48:02,648 INFO: Kucoin announcements enabled, look for new Kucoin coins...
2021-12-25 20:48:02,958 INFO: Checking for coin announcements every 3 seconds (in a separate thread)
2021-12-25 20:48:06,579 INFO: Kucoin announcements enabled, look for new Kucoin coins...
2021-12-25 20:48:07,260 INFO: Checking for coin announcements every 3 seconds (in a separate thread)
2021-12-25 20:48:10,870 INFO: Kucoin announcements enabled, look for new Kucoin coins...
2021-12-25 20:48:11,159 INFO: Checking for coin announcements every 3 seconds (in a separate thread)
2021-12-25 20:48:15,244 INFO: Kucoin announcements enabled, look for new Kucoin coins...
2021-12-25 20:48:15,525 INFO: Checking for coin announcements every 3 seconds (in a separate thread)
2021-12-25 20:48:19,143 INFO: Kucoin announcements enabled, look for new Kucoin coins...
2021-12-25 20:48:19,470 INFO: Checking for coin announcements every 3 seconds (in a separate thread)
2021-12-25 20:48:23,080 INFO: Kucoin announcements enabled, look for new Kucoin coins...
2021-12-25 20:48:23,378 INFO: Checking for coin announcements every 3 seconds (in a separate thread)
2021-12-25 20:48:27,020 INFO: Kucoin announcements enabled, look for new Kucoin coins...
2021-12-25 20:48:27,316 INFO: Checking for coin announcements every 3 seconds (in a separate thread)
2021-12-25 20:48:30,949 INFO: Kucoin announcements enabled, look for new Kucoin coins...
2021-12-25 20:48:31,578 INFO: Checking for coin announcements every 3 seconds (in a separate thread)
2021-12-25 20:48:35,347 INFO: Kucoin announcements enabled, look for new Kucoin coins...
2021-12-25 20:48:35,832 INFO: Checking for coin announcements every 3 seconds (in a separate thread)
2021-12-25 20:48:39,472 INFO: Kucoin announcements enabled, look for new Kucoin coins...
2021-12-25 20:48:39,770 INFO: Checking for coin announcements every 3 seconds (in a separate thread)
2021-12-25 20:48:43,552 INFO: Kucoin announcements enabled, look for new Kucoin coins...
2021-12-25 20:48:43,865 INFO: Checking for coin announcements every 3 seconds (in a separate thread)
2021-12-25 20:48:47,501 INFO: Kucoin announcements enabled, look for new Kucoin coins...
2021-12-25 20:48:47,806 INFO: Checking for coin announcements every 3 seconds (in a separate thread)
2021-12-25 20:48:51,834 INFO: Kucoin announcements enabled, look for new Kucoin coins...
2021-12-25 20:48:52,212 INFO: Checking for coin announcements every 3 seconds (in a separate thread)
2021-12-25 20:48:55,826 INFO: Kucoin announcements enabled, look for new Kucoin coins...
2021-12-25 20:48:56,121 INFO: Checking for coin announcements every 3 seconds (in a separate thread)
2021-12-25 20:48:59,740 INFO: Kucoin announcements enabled, look for new Kucoin coins...
2021-12-25 20:49:00,034 INFO: Checking for coin announcements every 3 seconds (in a separate thread)
2021-12-25 20:49:03,654 INFO: Kucoin announcements enabled, look for new Kucoin coins...
2021-12-25 20:49:03,929 INFO: Checking for coin announcements every 3 seconds (in a separate thread)
2021-12-25 20:49:07,826 INFO: Kucoin announcements enabled, look for new Kucoin coins...
2021-12-25 20:49:08,122 INFO: Checking for coin announcements every 3 seconds (in a separate thread)
2021-12-25 20:49:12,075 INFO: Kucoin announcements enabled, look for new Kucoin coins...
2021-12-25 20:49:12,359 INFO: Checking for coin announcements every 3 seconds (in a separate thread)
2021-12-25 20:49:16,069 INFO: Kucoin announcements enabled, look for new Kucoin coins...
2021-12-25 20:49:16,376 INFO: Checking for coin announcements every 3 seconds (in a separate thread)
2021-12-25 20:49:20,163 INFO: Kucoin announcements enabled, look for new Kucoin coins...
2021-12-25 20:49:20,469 INFO: Checking for coin announcements every 3 seconds (in a separate thread)
2021-12-25 20:49:24,100 INFO: Kucoin announcements enabled, look for new Kucoin coins...
2021-12-25 20:49:24,427 INFO: Checking for coin announcements every 3 seconds (in a separate thread)
2021-12-25 20:49:28,355 INFO: Kucoin announcements enabled, look for new Kucoin coins...
2021-12-25 20:49:28,669 INFO: Checking for coin announcements every 3 seconds (in a separate thread)
2021-12-25 20:49:32,287 INFO: Kucoin announcements enabled, look for new Kucoin coins...
2021-12-25 20:49:32,587 INFO: Checking for coin announcements every 3 seconds (in a separate thread)
2021-12-25 20:49:36,959 INFO: Kucoin announcements enabled, look for new Kucoin coins...
2021-12-25 20:49:37,243 INFO: Checking for coin announcements every 3 seconds (in a separate thread)
2021-12-25 20:49:40,855 INFO: Kucoin announcements enabled, look for new Kucoin coins...
2021-12-25 20:49:41,157 INFO: Checking for coin announcements every 3 seconds (in a separate thread)
2021-12-25 20:49:45,253 INFO: Kucoin announcements enabled, look for new Kucoin coins...
2021-12-25 20:49:45,550 INFO: Checking for coin announcements every 3 seconds (in a separate thread)
2021-12-25 20:49:49,381 INFO: Kucoin announcements enabled, look for new Kucoin coins...
2021-12-25 20:49:49,694 INFO: Checking for coin announcements every 3 seconds (in a separate thread)
2021-12-25 20:49:53,318 INFO: Kucoin announcements enabled, look for new Kucoin coins...
2021-12-25 20:49:53,643 INFO: Checking for coin announcements every 3 seconds (in a separate thread)
2021-12-25 20:49:57,265 INFO: Kucoin announcements enabled, look for new Kucoin coins...
2021-12-25 20:49:57,597 INFO: Checking for coin announcements every 3 seconds (in a separate thread)
2021-12-25 20:50:01,214 INFO: Kucoin announcements enabled, look for new Kucoin coins...
2021-12-25 20:50:01,988 INFO: Checking for coin announcements every 3 seconds (in a separate thread)
2021-12-25 20:50:05,687 INFO: Kucoin announcements enabled, look for new Kucoin coins...
2021-12-25 20:50:05,994 INFO: Checking for coin announcements every 3 seconds (in a separate thread)
2021-12-25 20:50:09,843 INFO: Kucoin announcements enabled, look for new Kucoin coins...
2021-12-25 20:50:10,149 INFO: Checking for coin announcements every 3 seconds (in a separate thread)
2021-12-25 20:50:13,824 INFO: Kucoin announcements enabled, look for new Kucoin coins...
2021-12-25 20:50:14,750 INFO: Checking for coin announcements every 3 seconds (in a separate thread)
2021-12-25 20:50:18,657 INFO: Kucoin announcements enabled, look for new Kucoin coins...
2021-12-25 20:50:18,995 INFO: Checking for coin announcements every 3 seconds (in a separate thread)
